{"D:\\a\\chassis_management_platform\\chassis_management_platform\\desktop\\src\\api\\websocket.ts": {"path":"D:\\a\\chassis_management_platform\\chassis_management_platform\\desktop\\src\\api\\websocket.ts","statementMap":{"0":{"start":{"line":9,"column":30},"end":{"line":9,"column":null}},"1":{"start":{"line":10,"column":36},"end":{"line":10,"column":null}},"2":{"start":{"line":12,"column":25},"end":{"line":12,"column":null}},"3":{"start":{"line":13,"column":28},"end":{"line":13,"column":null}},"4":{"start":{"line":14,"column":35},"end":{"line":14,"column":null}},"5":{"start":{"line":17,"column":4},"end":{"line":17,"column":null}},"6":{"start":{"line":17,"column":107},"end":{"line":17,"column":null}},"7":{"start":{"line":18,"column":4},"end":{"line":18,"column":null}},"8":{"start":{"line":18,"column":29},"end":{"line":18,"column":null}},"9":{"start":{"line":19,"column":4},"end":{"line":19,"column":null}},"10":{"start":{"line":20,"column":4},"end":{"line":20,"column":null}},"11":{"start":{"line":21,"column":4},"end":{"line":21,"column":null}},"12":{"start":{"line":22,"column":17},"end":{"line":22,"column":null}},"13":{"start":{"line":23,"column":18},"end":{"line":23,"column":30}},"14":{"start":{"line":24,"column":22},"end":{"line":24,"column":null}},"15":{"start":{"line":25,"column":19},"end":{"line":25,"column":null}},"16":{"start":{"line":26,"column":4},"end":{"line":26,"column":null}},"17":{"start":{"line":27,"column":4},"end":{"line":32,"column":null}},"18":{"start":{"line":28,"column":6},"end":{"line":28,"column":null}},"19":{"start":{"line":28,"column":30},"end":{"line":28,"column":null}},"20":{"start":{"line":29,"column":6},"end":{"line":29,"column":null}},"21":{"start":{"line":30,"column":6},"end":{"line":30,"column":null}},"22":{"start":{"line":31,"column":6},"end":{"line":31,"column":null}},"23":{"start":{"line":33,"column":4},"end":{"line":41,"column":null}},"24":{"start":{"line":34,"column":6},"end":{"line":40,"column":null}},"25":{"start":{"line":35,"column":20},"end":{"line":35,"column":null}},"26":{"start":{"line":36,"column":8},"end":{"line":36,"column":null}},"27":{"start":{"line":36,"column":24},"end":{"line":36,"column":null}},"28":{"start":{"line":37,"column":8},"end":{"line":37,"column":null}},"29":{"start":{"line":37,"column":66},"end":{"line":37,"column":null}},"30":{"start":{"line":42,"column":4},"end":{"line":44,"column":null}},"31":{"start":{"line":45,"column":4},"end":{"line":52,"column":null}},"32":{"start":{"line":46,"column":6},"end":{"line":46,"column":null}},"33":{"start":{"line":46,"column":30},"end":{"line":46,"column":null}},"34":{"start":{"line":47,"column":6},"end":{"line":50,"column":null}},"35":{"start":{"line":48,"column":8},"end":{"line":48,"column":null}},"36":{"start":{"line":49,"column":8},"end":{"line":49,"column":null}},"37":{"start":{"line":51,"column":6},"end":{"line":51,"column":null}},"38":{"start":{"line":56,"column":4},"end":{"line":56,"column":null}},"39":{"start":{"line":57,"column":4},"end":{"line":57,"column":null}},"40":{"start":{"line":57,"column":29},"end":{"line":57,"column":null}},"41":{"start":{"line":58,"column":4},"end":{"line":58,"column":null}},"42":{"start":{"line":59,"column":19},"end":{"line":59,"column":null}},"43":{"start":{"line":60,"column":4},"end":{"line":60,"column":null}},"44":{"start":{"line":61,"column":4},"end":{"line":61,"column":null}},"45":{"start":{"line":62,"column":4},"end":{"line":62,"column":null}},"46":{"start":{"line":66,"column":4},"end":{"line":66,"column":null}},"47":{"start":{"line":66,"column":48},"end":{"line":66,"column":null}},"48":{"start":{"line":70,"column":21},"end":{"line":70,"column":null}},"49":{"start":{"line":71,"column":18},"end":{"line":71,"column":null}},"50":{"start":{"line":72,"column":4},"end":{"line":72,"column":null}},"51":{"start":{"line":73,"column":4},"end":{"line":73,"column":null}},"52":{"start":{"line":74,"column":4},"end":{"line":74,"column":null}},"53":{"start":{"line":74,"column":15},"end":{"line":74,"column":null}},"54":{"start":{"line":75,"column":4},"end":{"line":75,"column":null}},"55":{"start":{"line":76,"column":4},"end":{"line":76,"column":null}},"56":{"start":{"line":76,"column":17},"end":{"line":76,"column":null}},"57":{"start":{"line":80,"column":21},"end":{"line":80,"column":null}},"58":{"start":{"line":81,"column":4},"end":{"line":81,"column":null}},"59":{"start":{"line":81,"column":19},"end":{"line":81,"column":null}},"60":{"start":{"line":82,"column":4},"end":{"line":83,"column":null}},"61":{"start":{"line":82,"column":17},"end":{"line":82,"column":null}},"62":{"start":{"line":83,"column":9},"end":{"line":83,"column":null}},"63":{"start":{"line":84,"column":4},"end":{"line":84,"column":null}},"64":{"start":{"line":84,"column":23},"end":{"line":84,"column":null}},"65":{"start":{"line":85,"column":4},"end":{"line":85,"column":null}},"66":{"start":{"line":86,"column":4},"end":{"line":86,"column":null}},"67":{"start":{"line":90,"column":4},"end":{"line":90,"column":null}},"68":{"start":{"line":91,"column":4},"end":{"line":91,"column":null}},"69":{"start":{"line":92,"column":4},"end":{"line":92,"column":null}},"70":{"start":{"line":92,"column":17},"end":{"line":92,"column":null}},"71":{"start":{"line":96,"column":4},"end":{"line":96,"column":null}},"72":{"start":{"line":100,"column":19},"end":{"line":100,"column":null}},"73":{"start":{"line":101,"column":4},"end":{"line":101,"column":null}},"74":{"start":{"line":101,"column":23},"end":{"line":101,"column":null}},"75":{"start":{"line":105,"column":4},"end":{"line":105,"column":null}},"76":{"start":{"line":105,"column":54},"end":{"line":105,"column":null}},"77":{"start":{"line":106,"column":4},"end":{"line":106,"column":null}},"78":{"start":{"line":107,"column":18},"end":{"line":107,"column":null}},"79":{"start":{"line":108,"column":4},"end":{"line":108,"column":null}},"80":{"start":{"line":109,"column":4},"end":{"line":112,"column":null}},"81":{"start":{"line":110,"column":6},"end":{"line":110,"column":null}},"82":{"start":{"line":111,"column":6},"end":{"line":111,"column":null}},"83":{"start":{"line":116,"column":4},"end":{"line":116,"column":null}},"84":{"start":{"line":117,"column":4},"end":{"line":117,"column":null}},"85":{"start":{"line":117,"column":47},"end":{"line":117,"column":null}},"86":{"start":{"line":121,"column":24},"end":{"line":121,"column":null}}},"fnMap":{"0":{"name":"connect","decl":{"start":{"line":16,"column":2},"end":{"line":16,"column":12}},"loc":{"start":{"line":16,"column":12},"end":{"line":53,"column":null}},"line":16},"1":{"name":"(anonymous_1)","decl":{"start":{"line":27,"column":11},"end":{"line":27,"column":26}},"loc":{"start":{"line":27,"column":26},"end":{"line":32,"column":null}},"line":27},"2":{"name":"(anonymous_2)","decl":{"start":{"line":33,"column":11},"end":{"line":33,"column":24}},"loc":{"start":{"line":33,"column":34},"end":{"line":41,"column":null}},"line":33},"3":{"name":"(anonymous_3)","decl":{"start":{"line":42,"column":11},"end":{"line":42,"column":27}},"loc":{"start":{"line":42,"column":27},"end":{"line":44,"column":null}},"line":42},"4":{"name":"(anonymous_4)","decl":{"start":{"line":45,"column":11},"end":{"line":45,"column":27}},"loc":{"start":{"line":45,"column":27},"end":{"line":52,"column":null}},"line":45},"5":{"name":"close","decl":{"start":{"line":55,"column":2},"end":{"line":55,"column":10}},"loc":{"start":{"line":55,"column":10},"end":{"line":63,"column":null}},"line":55},"6":{"name":"send","decl":{"start":{"line":65,"column":2},"end":{"line":65,"column":7}},"loc":{"start":{"line":65,"column":22},"end":{"line":67,"column":null}},"line":65},"7":{"name":"on","decl":{"start":{"line":69,"column":2},"end":{"line":69,"column":5}},"loc":{"start":{"line":69,"column":50},"end":{"line":77,"column":null}},"line":69},"8":{"name":"(anonymous_8)","decl":{"start":{"line":76,"column":4},"end":{"line":76,"column":17}},"loc":{"start":{"line":76,"column":17},"end":{"line":76,"column":null}},"line":76},"9":{"name":"off","decl":{"start":{"line":79,"column":2},"end":{"line":79,"column":6}},"loc":{"start":{"line":79,"column":40},"end":{"line":87,"column":null}},"line":79},"10":{"name":"onStatus","decl":{"start":{"line":89,"column":2},"end":{"line":89,"column":11}},"loc":{"start":{"line":89,"column":47},"end":{"line":93,"column":null}},"line":89},"11":{"name":"(anonymous_11)","decl":{"start":{"line":92,"column":4},"end":{"line":92,"column":17}},"loc":{"start":{"line":92,"column":17},"end":{"line":92,"column":null}},"line":92},"12":{"name":"connectionState","decl":{"start":{"line":95,"column":6},"end":{"line":95,"column":41}},"loc":{"start":{"line":95,"column":41},"end":{"line":97,"column":null}},"line":95},"13":{"name":"syncSubscriptions","decl":{"start":{"line":99,"column":2},"end":{"line":99,"column":10}},"loc":{"start":{"line":99,"column":30},"end":{"line":102,"column":null}},"line":99},"14":{"name":"scheduleReconnect","decl":{"start":{"line":104,"column":2},"end":{"line":104,"column":10}},"loc":{"start":{"line":104,"column":30},"end":{"line":113,"column":null}},"line":104},"15":{"name":"(anonymous_15)","decl":{"start":{"line":109,"column":33},"end":{"line":109,"column":50}},"loc":{"start":{"line":109,"column":50},"end":{"line":112,"column":7}},"line":109},"16":{"name":"setState","decl":{"start":{"line":115,"column":2},"end":{"line":115,"column":10}},"loc":{"start":{"line":115,"column":43},"end":{"line":118,"column":null}},"line":115}},"branchMap":{"0":{"loc":{"start":{"line":17,"column":4},"end":{"line":17,"column":null}},"type":"if","locations":[{"start":{"line":17,"column":4},"end":{"line":17,"column":null}},{"start":{},"end":{}}],"line":17},"1":{"loc":{"start":{"line":17,"column":8},"end":{"line":17,"column":107}},"type":"binary-expr","locations":[{"start":{"line":17,"column":8},"end":{"line":17,"column":20}},{"start":{"line":17,"column":20},"end":{"line":17,"column":61}},{"start":{"line":17,"column":61},"end":{"line":17,"column":107}}],"line":17},"2":{"loc":{"start":{"line":18,"column":4},"end":{"line":18,"column":null}},"type":"if","locations":[{"start":{"line":18,"column":4},"end":{"line":18,"column":null}},{"start":{},"end":{}}],"line":18},"3":{"loc":{"start":{"line":21,"column":18},"end":{"line":21,"column":67}},"type":"cond-expr","locations":[{"start":{"line":21,"column":38},"end":{"line":21,"column":55}},{"start":{"line":21,"column":55},"end":{"line":21,"column":67}}],"line":21},"4":{"loc":{"start":{"line":22,"column":17},"end":{"line":22,"column":null}},"type":"binary-expr","locations":[{"start":{"line":22,"column":17},"end":{"line":22,"column":48}},{"start":{"line":22,"column":48},"end":{"line":22,"column":null}}],"line":22},"5":{"loc":{"start":{"line":24,"column":22},"end":{"line":24,"column":null}},"type":"cond-expr","locations":[{"start":{"line":24,"column":43},"end":{"line":24,"column":49}},{"start":{"line":24,"column":49},"end":{"line":24,"column":null}}],"line":24},"6":{"loc":{"start":{"line":25,"column":33},"end":{"line":25,"column":103}},"type":"cond-expr","locations":[{"start":{"line":25,"column":41},"end":{"line":25,"column":99}},{"start":{"line":25,"column":99},"end":{"line":25,"column":103}}],"line":25},"7":{"loc":{"start":{"line":28,"column":6},"end":{"line":28,"column":null}},"type":"if","locations":[{"start":{"line":28,"column":6},"end":{"line":28,"column":null}},{"start":{},"end":{}}],"line":28},"8":{"loc":{"start":{"line":36,"column":8},"end":{"line":36,"column":null}},"type":"if","locations":[{"start":{"line":36,"column":8},"end":{"line":36,"column":null}},{"start":{},"end":{}}],"line":36},"9":{"loc":{"start":{"line":37,"column":30},"end":{"line":37,"column":66}},"type":"binary-expr","locations":[{"start":{"line":37,"column":30},"end":{"line":37,"column":62}},{"start":{"line":37,"column":62},"end":{"line":37,"column":66}}],"line":37},"10":{"loc":{"start":{"line":46,"column":6},"end":{"line":46,"column":null}},"type":"if","locations":[{"start":{"line":46,"column":6},"end":{"line":46,"column":null}},{"start":{},"end":{}}],"line":46},"11":{"loc":{"start":{"line":47,"column":6},"end":{"line":50,"column":null}},"type":"if","locations":[{"start":{"line":47,"column":6},"end":{"line":50,"column":null}},{"start":{},"end":{}}],"line":47},"12":{"loc":{"start":{"line":57,"column":4},"end":{"line":57,"column":null}},"type":"if","locations":[{"start":{"line":57,"column":4},"end":{"line":57,"column":null}},{"start":{},"end":{}}],"line":57},"13":{"loc":{"start":{"line":66,"column":4},"end":{"line":66,"column":null}},"type":"if","locations":[{"start":{"line":66,"column":4},"end":{"line":66,"column":null}},{"start":{},"end":{}}],"line":66},"14":{"loc":{"start":{"line":70,"column":21},"end":{"line":70,"column":null}},"type":"binary-expr","locations":[{"start":{"line":70,"column":21},"end":{"line":70,"column":49}},{"start":{"line":70,"column":49},"end":{"line":70,"column":null}}],"line":70},"15":{"loc":{"start":{"line":74,"column":4},"end":{"line":74,"column":null}},"type":"if","locations":[{"start":{"line":74,"column":4},"end":{"line":74,"column":null}},{"start":{},"end":{}}],"line":74},"16":{"loc":{"start":{"line":81,"column":4},"end":{"line":81,"column":null}},"type":"if","locations":[{"start":{"line":81,"column":4},"end":{"line":81,"column":null}},{"start":{},"end":{}}],"line":81},"17":{"loc":{"start":{"line":82,"column":4},"end":{"line":83,"column":null}},"type":"if","locations":[{"start":{"line":82,"column":4},"end":{"line":83,"column":null}},{"start":{"line":83,"column":9},"end":{"line":83,"column":null}}],"line":82},"18":{"loc":{"start":{"line":84,"column":4},"end":{"line":84,"column":null}},"type":"if","locations":[{"start":{"line":84,"column":4},"end":{"line":84,"column":null}},{"start":{},"end":{}}],"line":84},"19":{"loc":{"start":{"line":101,"column":4},"end":{"line":101,"column":null}},"type":"if","locations":[{"start":{"line":101,"column":4},"end":{"line":101,"column":null}},{"start":{},"end":{}}],"line":101},"20":{"loc":{"start":{"line":105,"column":4},"end":{"line":105,"column":null}},"type":"if","locations":[{"start":{"line":105,"column":4},"end":{"line":105,"column":null}},{"start":{},"end":{}}],"line":105},"21":{"loc":{"start":{"line":105,"column":8},"end":{"line":105,"column":54}},"type":"binary-expr","locations":[{"start":{"line":105,"column":8},"end":{"line":105,"column":31}},{"start":{"line":105,"column":31},"end":{"line":105,"column":54}}],"line":105}},"s":{"0":4,"1":4,"2":4,"3":4,"4":4,"5":4,"6":1,"7":3,"8":3,"9":3,"10":3,"11":3,"12":4,"13":4,"14":4,"15":4,"16":4,"17":4,"18":2,"19":0,"20":2,"21":2,"22":2,"23":4,"24":1,"25":1,"26":1,"27":0,"28":1,"29":2,"30":4,"31":4,"32":1,"33":1,"34":1,"35":0,"36":0,"37":1,"38":0,"39":0,"40":0,"41":0,"42":0,"43":0,"44":0,"45":0,"46":5,"47":3,"48":3,"49":3,"50":3,"51":3,"52":3,"53":2,"54":3,"55":3,"56":2,"57":2,"58":2,"59":0,"60":2,"61":2,"62":0,"63":2,"64":1,"65":1,"66":1,"67":0,"68":0,"69":0,"70":0,"71":1,"72":2,"73":2,"74":2,"75":1,"76":0,"77":1,"78":1,"79":1,"80":1,"81":1,"82":1,"83":6,"84":6,"85":0,"86":2},"f":{"0":4,"1":2,"2":1,"3":0,"4":1,"5":0,"6":5,"7":3,"8":2,"9":2,"10":0,"11":0,"12":1,"13":2,"14":1,"15":1,"16":6},"b":{"0":[1,3],"1":[4,1,1],"2":[0,3],"3":[1,2],"4":[4,3],"5":[0,3],"6":[3,0],"7":[0,2],"8":[0,1],"9":[1,0],"10":[1,0],"11":[0,1],"12":[0,0],"13":[3,2],"14":[3,2],"15":[2,1],"16":[0,2],"17":[2,0],"18":[1,1],"19":[2,0],"20":[0,1],"21":[1,1]},"meta":{"lastBranch":22,"lastFunction":17,"lastStatement":87,"seen":{"s:9:30:9:Infinity":0,"s:10:36:10:Infinity":1,"s:12:25:12:Infinity":2,"s:13:28:13:Infinity":3,"s:14:35:14:Infinity":4,"f:16:2:16:12":0,"b:17:4:17:Infinity:undefined:undefined:undefined:undefined":0,"s:17:4:17:Infinity":5,"b:17:8:17:20:17:20:17:61:17:61:17:107":1,"s:17:107:17:Infinity":6,"b:18:4:18:Infinity:undefined:undefined:undefined:undefined":2,"s:18:4:18:Infinity":7,"s:18:29:18:Infinity":8,"s:19:4:19:Infinity":9,"s:20:4:20:Infinity":10,"s:21:4:21:Infinity":11,"b:21:38:21:55:21:55:21:67":3,"s:22:17:22:Infinity":12,"b:22:17:22:48:22:48:22:Infinity":4,"s:23:18:23:30":13,"s:24:22:24:Infinity":14,"b:24:43:24:49:24:49:24:Infinity":5,"s:25:19:25:Infinity":15,"b:25:41:25:99:25:99:25:103":6,"s:26:4:26:Infinity":16,"s:27:4:32:Infinity":17,"f:27:11:27:26":1,"b:28:6:28:Infinity:undefined:undefined:undefined:undefined":7,"s:28:6:28:Infinity":18,"s:28:30:28:Infinity":19,"s:29:6:29:Infinity":20,"s:30:6:30:Infinity":21,"s:31:6:31:Infinity":22,"s:33:4:41:Infinity":23,"f:33:11:33:24":2,"s:34:6:40:Infinity":24,"s:35:20:35:Infinity":25,"b:36:8:36:Infinity:undefined:undefined:undefined:undefined":8,"s:36:8:36:Infinity":26,"s:36:24:36:Infinity":27,"s:37:8:37:Infinity":28,"b:37:30:37:62:37:62:37:66":9,"s:37:66:37:Infinity":29,"s:42:4:44:Infinity":30,"f:42:11:42:27":3,"s:45:4:52:Infinity":31,"f:45:11:45:27":4,"b:46:6:46:Infinity:undefined:undefined:undefined:undefined":10,"s:46:6:46:Infinity":32,"s:46:30:46:Infinity":33,"b:47:6:50:Infinity:undefined:undefined:undefined:undefined":11,"s:47:6:50:Infinity":34,"s:48:8:48:Infinity":35,"s:49:8:49:Infinity":36,"s:51:6:51:Infinity":37,"f:55:2:55:10":5,"s:56:4:56:Infinity":38,"b:57:4:57:Infinity:undefined:undefined:undefined:undefined":12,"s:57:4:57:Infinity":39,"s:57:29:57:Infinity":40,"s:58:4:58:Infinity":41,"s:59:19:59:Infinity":42,"s:60:4:60:Infinity":43,"s:61:4:61:Infinity":44,"s:62:4:62:Infinity":45,"f:65:2:65:7":6,"b:66:4:66:Infinity:undefined:undefined:undefined:undefined":13,"s:66:4:66:Infinity":46,"s:66:48:66:Infinity":47,"f:69:2:69:5":7,"s:70:21:70:Infinity":48,"b:70:21:70:49:70:49:70:Infinity":14,"s:71:18:71:Infinity":49,"s:72:4:72:Infinity":50,"s:73:4:73:Infinity":51,"b:74:4:74:Infinity:undefined:undefined:undefined:undefined":15,"s:74:4:74:Infinity":52,"s:74:15:74:Infinity":53,"s:75:4:75:Infinity":54,"s:76:4:76:Infinity":55,"f:76:4:76:17":8,"s:76:17:76:Infinity":56,"f:79:2:79:6":9,"s:80:21:80:Infinity":57,"b:81:4:81:Infinity:undefined:undefined:undefined:undefined":16,"s:81:4:81:Infinity":58,"s:81:19:81:Infinity":59,"b:82:4:83:Infinity:83:9:83:Infinity":17,"s:82:4:83:Infinity":60,"s:82:17:82:Infinity":61,"s:83:9:83:Infinity":62,"b:84:4:84:Infinity:undefined:undefined:undefined:undefined":18,"s:84:4:84:Infinity":63,"s:84:23:84:Infinity":64,"s:85:4:85:Infinity":65,"s:86:4:86:Infinity":66,"f:89:2:89:11":10,"s:90:4:90:Infinity":67,"s:91:4:91:Infinity":68,"s:92:4:92:Infinity":69,"f:92:4:92:17":11,"s:92:17:92:Infinity":70,"f:95:6:95:41":12,"s:96:4:96:Infinity":71,"f:99:2:99:10":13,"s:100:19:100:Infinity":72,"b:101:4:101:Infinity:undefined:undefined:undefined:undefined":19,"s:101:4:101:Infinity":73,"s:101:23:101:Infinity":74,"f:104:2:104:10":14,"b:105:4:105:Infinity:undefined:undefined:undefined:undefined":20,"s:105:4:105:Infinity":75,"b:105:8:105:31:105:31:105:54":21,"s:105:54:105:Infinity":76,"s:106:4:106:Infinity":77,"s:107:18:107:Infinity":78,"s:108:4:108:Infinity":79,"s:109:4:112:Infinity":80,"f:109:33:109:50":15,"s:110:6:110:Infinity":81,"s:111:6:111:Infinity":82,"f:115:2:115:10":16,"s:116:4:116:Infinity":83,"s:117:4:117:Infinity":84,"s:117:47:117:Infinity":85,"s:121:24:121:Infinity":86},"fnNames":{}}}
,"D:\\a\\chassis_management_platform\\chassis_management_platform\\desktop\\src\\components\\charts\\BarChart.vue": {"path":"D:\\a\\chassis_management_platform\\chassis_management_platform\\desktop\\src\\components\\charts\\BarChart.vue","statementMap":{"0":{"start":{"line":7,"column":14},"end":{"line":7,"column":null}},"1":{"start":{"line":11,"column":11},"end":{"line":11,"column":28}},"2":{"start":{"line":16,"column":2},"end":{"line":16,"column":null}},"3":{"start":{"line":16,"column":76},"end":{"line":16,"column":null}},"4":{"start":{"line":17,"column":2},"end":{"line":17,"column":null}},"5":{"start":{"line":17,"column":14},"end":{"line":17,"column":null}},"6":{"start":{"line":18,"column":2},"end":{"line":18,"column":null}},"7":{"start":{"line":19,"column":2},"end":{"line":19,"column":null}},"8":{"start":{"line":22,"column":0},"end":{"line":27,"column":null}},"9":{"start":{"line":23,"column":2},"end":{"line":23,"column":null}},"10":{"start":{"line":24,"column":2},"end":{"line":24,"column":null}},"11":{"start":{"line":24,"column":38},"end":{"line":24,"column":51}},"12":{"start":{"line":25,"column":2},"end":{"line":25,"column":null}},"13":{"start":{"line":25,"column":16},"end":{"line":25,"column":null}},"14":{"start":{"line":26,"column":2},"end":{"line":26,"column":null}},"15":{"start":{"line":28,"column":0},"end":{"line":28,"column":null}},"16":{"start":{"line":28,"column":24},"end":{"line":28,"column":48}},"17":{"start":{"line":28,"column":48},"end":{"line":28,"column":66}},"18":{"start":{"line":28,"column":66},"end":{"line":28,"column":84}},"19":{"start":{"line":29,"column":0},"end":{"line":29,"column":null}},"20":{"start":{"line":29,"column":12},"end":{"line":29,"column":32}},"21":{"start":{"line":29,"column":34},"end":{"line":29,"column":61}},"22":{"start":{"line":1,"column":10},"end":{"line":1,"column":64}}},"fnMap":{"0":{"name":"ensureChart","decl":{"start":{"line":15,"column":9},"end":{"line":15,"column":23}},"loc":{"start":{"line":15,"column":23},"end":{"line":20,"column":null}},"line":15},"1":{"name":"(anonymous_1)","decl":{"start":{"line":22,"column":10},"end":{"line":22,"column":22}},"loc":{"start":{"line":22,"column":22},"end":{"line":27,"column":1}},"line":22},"2":{"name":"(anonymous_2)","decl":{"start":{"line":24,"column":17},"end":{"line":24,"column":38}},"loc":{"start":{"line":24,"column":38},"end":{"line":24,"column":51}},"line":24},"3":{"name":"(anonymous_3)","decl":{"start":{"line":28,"column":0},"end":{"line":28,"column":22}},"loc":{"start":{"line":28,"column":22},"end":{"line":28,"column":85}},"line":28},"4":{"name":"(anonymous_4)","decl":{"start":{"line":29,"column":0},"end":{"line":29,"column":12}},"loc":{"start":{"line":29,"column":12},"end":{"line":29,"column":32}},"line":29},"5":{"name":"(anonymous_5)","decl":{"start":{"line":29,"column":18},"end":{"line":29,"column":32}},"loc":{"start":{"line":29,"column":32},"end":{"line":29,"column":64}},"line":29}},"branchMap":{"0":{"loc":{"start":{"line":16,"column":2},"end":{"line":16,"column":null}},"type":"if","locations":[{"start":{"line":16,"column":2},"end":{"line":16,"column":null}},{"start":{},"end":{}}],"line":16},"1":{"loc":{"start":{"line":16,"column":6},"end":{"line":16,"column":76}},"type":"binary-expr","locations":[{"start":{"line":16,"column":6},"end":{"line":16,"column":19}},{"start":{"line":16,"column":19},"end":{"line":16,"column":48}},{"start":{"line":16,"column":48},"end":{"line":16,"column":76}}],"line":16},"2":{"loc":{"start":{"line":17,"column":2},"end":{"line":17,"column":null}},"type":"if","locations":[{"start":{"line":17,"column":2},"end":{"line":17,"column":null}},{"start":{},"end":{}}],"line":17},"3":{"loc":{"start":{"line":25,"column":2},"end":{"line":25,"column":null}},"type":"if","locations":[{"start":{"line":25,"column":2},"end":{"line":25,"column":null}},{"start":{},"end":{}}],"line":25}},"s":{"0":0,"1":0,"2":0,"3":0,"4":0,"5":0,"6":0,"7":0,"8":0,"9":0,"10":0,"11":0,"12":0,"13":0,"14":0,"15":0,"16":0,"17":0,"18":0,"19":0,"20":0,"21":0,"22":0},"f":{"0":0,"1":0,"2":0,"3":0,"4":0,"5":0},"b":{"0":[0,0],"1":[0,0,0],"2":[0,0],"3":[0,0]},"meta":{"lastBranch":4,"lastFunction":6,"lastStatement":23,"seen":{"s:7:14:7:Infinity":0,"s:11:11:11:28":1,"f:15:9:15:23":0,"b:16:2:16:Infinity:undefined:undefined:undefined:undefined":0,"s:16:2:16:Infinity":2,"b:16:6:16:19:16:19:16:48:16:48:16:76":1,"s:16:76:16:Infinity":3,"b:17:2:17:Infinity:undefined:undefined:undefined:undefined":2,"s:17:2:17:Infinity":4,"s:17:14:17:Infinity":5,"s:18:2:18:Infinity":6,"s:19:2:19:Infinity":7,"s:22:0:27:Infinity":8,"f:22:10:22:22":1,"s:23:2:23:Infinity":9,"s:24:2:24:Infinity":10,"f:24:17:24:38":2,"s:24:38:24:51":11,"b:25:2:25:Infinity:undefined:undefined:undefined:undefined":3,"s:25:2:25:Infinity":12,"s:25:16:25:Infinity":13,"s:26:2:26:Infinity":14,"s:28:0:28:Infinity":15,"f:28:0:28:22":3,"s:28:24:28:48":16,"s:28:48:28:66":17,"s:28:66:28:84":18,"s:29:0:29:Infinity":19,"f:29:0:29:12":4,"s:29:12:29:32":20,"f:29:18:29:32":5,"s:29:34:29:61":21,"s:1:10:1:64":22},"fnNames":{}}}
,"D:\\a\\chassis_management_platform\\chassis_management_platform\\desktop\\src\\components\\charts\\DonutChart.vue": {"path":"D:\\a\\chassis_management_platform\\chassis_management_platform\\desktop\\src\\components\\charts\\DonutChart.vue","statementMap":{"0":{"start":{"line":7,"column":14},"end":{"line":7,"column":null}},"1":{"start":{"line":8,"column":11},"end":{"line":8,"column":28}},"2":{"start":{"line":12,"column":2},"end":{"line":12,"column":null}},"3":{"start":{"line":12,"column":76},"end":{"line":12,"column":null}},"4":{"start":{"line":13,"column":2},"end":{"line":13,"column":null}},"5":{"start":{"line":13,"column":14},"end":{"line":13,"column":null}},"6":{"start":{"line":14,"column":2},"end":{"line":14,"column":null}},"7":{"start":{"line":15,"column":2},"end":{"line":15,"column":null}},"8":{"start":{"line":17,"column":0},"end":{"line":17,"column":null}},"9":{"start":{"line":17,"column":24},"end":{"line":17,"column":42}},"10":{"start":{"line":17,"column":42},"end":{"line":17,"column":86}},"11":{"start":{"line":17,"column":86},"end":{"line":17,"column":128}},"12":{"start":{"line":17,"column":100},"end":{"line":17,"column":128}},"13":{"start":{"line":17,"column":128},"end":{"line":17,"column":142}},"14":{"start":{"line":18,"column":0},"end":{"line":18,"column":null}},"15":{"start":{"line":18,"column":24},"end":{"line":18,"column":48}},"16":{"start":{"line":18,"column":48},"end":{"line":18,"column":66}},"17":{"start":{"line":18,"column":66},"end":{"line":18,"column":84}},"18":{"start":{"line":19,"column":0},"end":{"line":19,"column":null}},"19":{"start":{"line":19,"column":12},"end":{"line":19,"column":32}},"20":{"start":{"line":19,"column":34},"end":{"line":19,"column":61}},"21":{"start":{"line":1,"column":10},"end":{"line":1,"column":null}}},"fnMap":{"0":{"name":"ensureChart","decl":{"start":{"line":11,"column":9},"end":{"line":11,"column":23}},"loc":{"start":{"line":11,"column":23},"end":{"line":16,"column":null}},"line":11},"1":{"name":"(anonymous_1)","decl":{"start":{"line":17,"column":10},"end":{"line":17,"column":22}},"loc":{"start":{"line":17,"column":22},"end":{"line":17,"column":143}},"line":17},"2":{"name":"(anonymous_2)","decl":{"start":{"line":18,"column":0},"end":{"line":18,"column":22}},"loc":{"start":{"line":18,"column":22},"end":{"line":18,"column":85}},"line":18},"3":{"name":"(anonymous_3)","decl":{"start":{"line":19,"column":0},"end":{"line":19,"column":12}},"loc":{"start":{"line":19,"column":12},"end":{"line":19,"column":32}},"line":19},"4":{"name":"(anonymous_4)","decl":{"start":{"line":19,"column":18},"end":{"line":19,"column":32}},"loc":{"start":{"line":19,"column":32},"end":{"line":19,"column":64}},"line":19}},"branchMap":{"0":{"loc":{"start":{"line":12,"column":2},"end":{"line":12,"column":null}},"type":"if","locations":[{"start":{"line":12,"column":2},"end":{"line":12,"column":null}},{"start":{},"end":{}}],"line":12},"1":{"loc":{"start":{"line":12,"column":6},"end":{"line":12,"column":76}},"type":"binary-expr","locations":[{"start":{"line":12,"column":6},"end":{"line":12,"column":19}},{"start":{"line":12,"column":19},"end":{"line":12,"column":48}},{"start":{"line":12,"column":48},"end":{"line":12,"column":76}}],"line":12},"2":{"loc":{"start":{"line":13,"column":2},"end":{"line":13,"column":null}},"type":"if","locations":[{"start":{"line":13,"column":2},"end":{"line":13,"column":null}},{"start":{},"end":{}}],"line":13},"3":{"loc":{"start":{"line":17,"column":86},"end":{"line":17,"column":128}},"type":"if","locations":[{"start":{"line":17,"column":86},"end":{"line":17,"column":128}},{"start":{},"end":{}}],"line":17}},"s":{"0":0,"1":0,"2":0,"3":0,"4":0,"5":0,"6":0,"7":0,"8":0,"9":0,"10":0,"11":0,"12":0,"13":0,"14":0,"15":0,"16":0,"17":0,"18":0,"19":0,"20":0,"21":0},"f":{"0":0,"1":0,"2":0,"3":0,"4":0},"b":{"0":[0,0],"1":[0,0,0],"2":[0,0],"3":[0,0]},"meta":{"lastBranch":4,"lastFunction":5,"lastStatement":22,"seen":{"s:7:14:7:Infinity":0,"s:8:11:8:28":1,"f:11:9:11:23":0,"b:12:2:12:Infinity:undefined:undefined:undefined:undefined":0,"s:12:2:12:Infinity":2,"b:12:6:12:19:12:19:12:48:12:48:12:76":1,"s:12:76:12:Infinity":3,"b:13:2:13:Infinity:undefined:undefined:undefined:undefined":2,"s:13:2:13:Infinity":4,"s:13:14:13:Infinity":5,"s:14:2:14:Infinity":6,"s:15:2:15:Infinity":7,"s:17:0:17:Infinity":8,"f:17:10:17:22":1,"s:17:24:17:42":9,"s:17:42:17:86":10,"b:17:86:17:128:undefined:undefined:undefined:undefined":3,"s:17:86:17:128":11,"s:17:100:17:128":12,"s:17:128:17:142":13,"s:18:0:18:Infinity":14,"f:18:0:18:22":2,"s:18:24:18:48":15,"s:18:48:18:66":16,"s:18:66:18:84":17,"s:19:0:19:Infinity":18,"f:19:0:19:12":3,"s:19:12:19:32":19,"f:19:18:19:32":4,"s:19:34:19:61":20,"s:1:10:1:Infinity":21},"fnNames":{}}}
,"D:\\a\\chassis_management_platform\\chassis_management_platform\\desktop\\src\\components\\charts\\RealtimeLineChart.vue": {"path":"D:\\a\\chassis_management_platform\\chassis_management_platform\\desktop\\src\\components\\charts\\RealtimeLineChart.vue","statementMap":{"0":{"start":{"line":7,"column":14},"end":{"line":7,"column":null}},"1":{"start":{"line":11,"column":11},"end":{"line":11,"column":28}},"2":{"start":{"line":15,"column":2},"end":{"line":15,"column":null}},"3":{"start":{"line":15,"column":76},"end":{"line":15,"column":null}},"4":{"start":{"line":16,"column":2},"end":{"line":16,"column":null}},"5":{"start":{"line":16,"column":14},"end":{"line":16,"column":null}},"6":{"start":{"line":17,"column":2},"end":{"line":17,"column":null}},"7":{"start":{"line":18,"column":2},"end":{"line":18,"column":null}},"8":{"start":{"line":20,"column":0},"end":{"line":20,"column":null}},"9":{"start":{"line":20,"column":24},"end":{"line":20,"column":42}},"10":{"start":{"line":20,"column":42},"end":{"line":20,"column":86}},"11":{"start":{"line":20,"column":86},"end":{"line":20,"column":128}},"12":{"start":{"line":20,"column":100},"end":{"line":20,"column":128}},"13":{"start":{"line":20,"column":128},"end":{"line":20,"column":142}},"14":{"start":{"line":21,"column":0},"end":{"line":21,"column":null}},"15":{"start":{"line":21,"column":24},"end":{"line":21,"column":48}},"16":{"start":{"line":21,"column":48},"end":{"line":21,"column":66}},"17":{"start":{"line":21,"column":66},"end":{"line":21,"column":84}},"18":{"start":{"line":22,"column":0},"end":{"line":22,"column":null}},"19":{"start":{"line":22,"column":12},"end":{"line":22,"column":32}},"20":{"start":{"line":22,"column":34},"end":{"line":22,"column":61}},"21":{"start":{"line":1,"column":10},"end":{"line":1,"column":64}}},"fnMap":{"0":{"name":"ensureChart","decl":{"start":{"line":14,"column":9},"end":{"line":14,"column":23}},"loc":{"start":{"line":14,"column":23},"end":{"line":19,"column":null}},"line":14},"1":{"name":"(anonymous_1)","decl":{"start":{"line":20,"column":10},"end":{"line":20,"column":22}},"loc":{"start":{"line":20,"column":22},"end":{"line":20,"column":143}},"line":20},"2":{"name":"(anonymous_2)","decl":{"start":{"line":21,"column":0},"end":{"line":21,"column":22}},"loc":{"start":{"line":21,"column":22},"end":{"line":21,"column":85}},"line":21},"3":{"name":"(anonymous_3)","decl":{"start":{"line":22,"column":0},"end":{"line":22,"column":12}},"loc":{"start":{"line":22,"column":12},"end":{"line":22,"column":32}},"line":22},"4":{"name":"(anonymous_4)","decl":{"start":{"line":22,"column":18},"end":{"line":22,"column":32}},"loc":{"start":{"line":22,"column":32},"end":{"line":22,"column":64}},"line":22}},"branchMap":{"0":{"loc":{"start":{"line":15,"column":2},"end":{"line":15,"column":null}},"type":"if","locations":[{"start":{"line":15,"column":2},"end":{"line":15,"column":null}},{"start":{},"end":{}}],"line":15},"1":{"loc":{"start":{"line":15,"column":6},"end":{"line":15,"column":76}},"type":"binary-expr","locations":[{"start":{"line":15,"column":6},"end":{"line":15,"column":19}},{"start":{"line":15,"column":19},"end":{"line":15,"column":48}},{"start":{"line":15,"column":48},"end":{"line":15,"column":76}}],"line":15},"2":{"loc":{"start":{"line":16,"column":2},"end":{"line":16,"column":null}},"type":"if","locations":[{"start":{"line":16,"column":2},"end":{"line":16,"column":null}},{"start":{},"end":{}}],"line":16},"3":{"loc":{"start":{"line":20,"column":86},"end":{"line":20,"column":128}},"type":"if","locations":[{"start":{"line":20,"column":86},"end":{"line":20,"column":128}},{"start":{},"end":{}}],"line":20}},"s":{"0":1,"1":1,"2":3,"3":0,"4":3,"5":1,"6":3,"7":3,"8":1,"9":1,"10":1,"11":1,"12":1,"13":1,"14":1,"15":1,"16":1,"17":1,"18":1,"19":2,"20":1,"21":2},"f":{"0":3,"1":1,"2":1,"3":2,"4":1},"b":{"0":[0,3],"1":[3,3,3],"2":[1,2],"3":[1,0]},"meta":{"lastBranch":0,"lastFunction":0,"lastStatement":0,"seen":{},"fnNames":{}}}
,"D:\\a\\chassis_management_platform\\chassis_management_platform\\desktop\\src\\stores\\can.ts": {"path":"D:\\a\\chassis_management_platform\\chassis_management_platform\\desktop\\src\\stores\\can.ts","statementMap":{"0":{"start":{"line":32,"column":2},"end":{"line":32,"column":null}},"1":{"start":{"line":32,"column":59},"end":{"line":32,"column":null}},"2":{"start":{"line":33,"column":15},"end":{"line":33,"column":null}},"3":{"start":{"line":34,"column":2},"end":{"line":34,"column":null}},"4":{"start":{"line":34,"column":13},"end":{"line":34,"column":null}},"5":{"start":{"line":35,"column":2},"end":{"line":35,"column":null}},"6":{"start":{"line":35,"column":43},"end":{"line":35,"column":null}},"7":{"start":{"line":36,"column":17},"end":{"line":36,"column":null}},"8":{"start":{"line":37,"column":2},"end":{"line":37,"column":null}},"9":{"start":{"line":41,"column":2},"end":{"line":41,"column":null}},"10":{"start":{"line":41,"column":33},"end":{"line":41,"column":null}},"11":{"start":{"line":42,"column":15},"end":{"line":42,"column":null}},"12":{"start":{"line":43,"column":2},"end":{"line":43,"column":null}},"13":{"start":{"line":43,"column":13},"end":{"line":43,"column":null}},"14":{"start":{"line":44,"column":2},"end":{"line":44,"column":null}},"15":{"start":{"line":48,"column":2},"end":{"line":48,"column":null}},"16":{"start":{"line":48,"column":20},"end":{"line":48,"column":null}},"17":{"start":{"line":49,"column":13},"end":{"line":49,"column":null}},"18":{"start":{"line":50,"column":17},"end":{"line":50,"column":null}},"19":{"start":{"line":51,"column":15},"end":{"line":51,"column":null}},"20":{"start":{"line":52,"column":12},"end":{"line":52,"column":null}},"21":{"start":{"line":53,"column":12},"end":{"line":53,"column":null}},"22":{"start":{"line":54,"column":12},"end":{"line":54,"column":null}},"23":{"start":{"line":55,"column":16},"end":{"line":55,"column":null}},"24":{"start":{"line":56,"column":2},"end":{"line":56,"column":null}},"25":{"start":{"line":60,"column":21},"end":{"line":60,"column":null}},"26":{"start":{"line":61,"column":2},"end":{"line":61,"column":null}},"27":{"start":{"line":61,"column":67},"end":{"line":61,"column":null}},"28":{"start":{"line":62,"column":2},"end":{"line":62,"column":null}},"29":{"start":{"line":62,"column":96},"end":{"line":62,"column":null}},"30":{"start":{"line":63,"column":2},"end":{"line":63,"column":null}},"31":{"start":{"line":63,"column":123},"end":{"line":63,"column":null}},"32":{"start":{"line":64,"column":2},"end":{"line":64,"column":null}},"33":{"start":{"line":68,"column":2},"end":{"line":68,"column":null}},"34":{"start":{"line":72,"column":17},"end":{"line":72,"column":null}},"35":{"start":{"line":73,"column":2},"end":{"line":73,"column":null}},"36":{"start":{"line":74,"column":2},"end":{"line":74,"column":null}},"37":{"start":{"line":75,"column":2},"end":{"line":75,"column":null}},"38":{"start":{"line":76,"column":2},"end":{"line":76,"column":null}},"39":{"start":{"line":77,"column":2},"end":{"line":77,"column":null}},"40":{"start":{"line":80,"column":27},"end":{"line":267,"column":null}},"41":{"start":{"line":81,"column":16},"end":{"line":104,"column":null}},"42":{"start":{"line":107,"column":26},"end":{"line":107,"column":null}},"43":{"start":{"line":108,"column":28},"end":{"line":108,"column":null}},"44":{"start":{"line":109,"column":21},"end":{"line":120,"column":null}},"45":{"start":{"line":110,"column":8},"end":{"line":110,"column":null}},"46":{"start":{"line":110,"column":88},"end":{"line":110,"column":null}},"47":{"start":{"line":111,"column":8},"end":{"line":111,"column":null}},"48":{"start":{"line":111,"column":108},"end":{"line":111,"column":null}},"49":{"start":{"line":112,"column":8},"end":{"line":112,"column":null}},"50":{"start":{"line":112,"column":159},"end":{"line":112,"column":null}},"51":{"start":{"line":113,"column":8},"end":{"line":117,"column":null}},"52":{"start":{"line":114,"column":22},"end":{"line":114,"column":null}},"53":{"start":{"line":115,"column":22},"end":{"line":115,"column":null}},"54":{"start":{"line":116,"column":10},"end":{"line":116,"column":null}},"55":{"start":{"line":116,"column":91},"end":{"line":116,"column":null}},"56":{"start":{"line":118,"column":8},"end":{"line":118,"column":null}},"57":{"start":{"line":118,"column":88},"end":{"line":118,"column":null}},"58":{"start":{"line":119,"column":8},"end":{"line":119,"column":null}},"59":{"start":{"line":121,"column":6},"end":{"line":125,"column":null}},"60":{"start":{"line":122,"column":8},"end":{"line":122,"column":null}},"61":{"start":{"line":122,"column":45},"end":{"line":122,"column":null}},"62":{"start":{"line":123,"column":8},"end":{"line":123,"column":null}},"63":{"start":{"line":123,"column":46},"end":{"line":123,"column":null}},"64":{"start":{"line":124,"column":8},"end":{"line":124,"column":null}},"65":{"start":{"line":128,"column":6},"end":{"line":128,"column":null}},"66":{"start":{"line":131,"column":6},"end":{"line":131,"column":null}},"67":{"start":{"line":136,"column":6},"end":{"line":136,"column":null}},"68":{"start":{"line":136,"column":88},"end":{"line":136,"column":112}},"69":{"start":{"line":137,"column":6},"end":{"line":137,"column":null}},"70":{"start":{"line":138,"column":6},"end":{"line":138,"column":null}},"71":{"start":{"line":139,"column":6},"end":{"line":139,"column":null}},"72":{"start":{"line":140,"column":6},"end":{"line":140,"column":null}},"73":{"start":{"line":141,"column":6},"end":{"line":141,"column":null}},"74":{"start":{"line":141,"column":54},"end":{"line":141,"column":null}},"75":{"start":{"line":144,"column":6},"end":{"line":144,"column":null}},"76":{"start":{"line":144,"column":24},"end":{"line":144,"column":null}},"77":{"start":{"line":145,"column":6},"end":{"line":145,"column":null}},"78":{"start":{"line":146,"column":6},"end":{"line":149,"column":null}},"79":{"start":{"line":147,"column":23},"end":{"line":147,"column":null}},"80":{"start":{"line":148,"column":8},"end":{"line":148,"column":null}},"81":{"start":{"line":148,"column":34},"end":{"line":148,"column":null}},"82":{"start":{"line":150,"column":6},"end":{"line":153,"column":null}},"83":{"start":{"line":151,"column":23},"end":{"line":151,"column":null}},"84":{"start":{"line":152,"column":8},"end":{"line":152,"column":null}},"85":{"start":{"line":152,"column":34},"end":{"line":152,"column":null}},"86":{"start":{"line":154,"column":6},"end":{"line":156,"column":null}},"87":{"start":{"line":155,"column":8},"end":{"line":155,"column":null}},"88":{"start":{"line":159,"column":21},"end":{"line":159,"column":null}},"89":{"start":{"line":160,"column":6},"end":{"line":160,"column":null}},"90":{"start":{"line":161,"column":6},"end":{"line":161,"column":null}},"91":{"start":{"line":161,"column":30},"end":{"line":161,"column":null}},"92":{"start":{"line":162,"column":6},"end":{"line":162,"column":null}},"93":{"start":{"line":162,"column":36},"end":{"line":162,"column":null}},"94":{"start":{"line":163,"column":6},"end":{"line":163,"column":null}},"95":{"start":{"line":164,"column":6},"end":{"line":164,"column":null}},"96":{"start":{"line":165,"column":6},"end":{"line":165,"column":null}},"97":{"start":{"line":166,"column":6},"end":{"line":185,"column":null}},"98":{"start":{"line":167,"column":21},"end":{"line":167,"column":null}},"99":{"start":{"line":168,"column":8},"end":{"line":168,"column":null}},"100":{"start":{"line":168,"column":77},"end":{"line":168,"column":101}},"101":{"start":{"line":169,"column":8},"end":{"line":169,"column":null}},"102":{"start":{"line":170,"column":8},"end":{"line":170,"column":null}},"103":{"start":{"line":171,"column":8},"end":{"line":171,"column":null}},"104":{"start":{"line":172,"column":8},"end":{"line":172,"column":null}},"105":{"start":{"line":173,"column":8},"end":{"line":173,"column":null}},"106":{"start":{"line":174,"column":8},"end":{"line":174,"column":null}},"107":{"start":{"line":174,"column":50},"end":{"line":174,"column":null}},"108":{"start":{"line":176,"column":8},"end":{"line":176,"column":null}},"109":{"start":{"line":177,"column":8},"end":{"line":184,"column":null}},"110":{"start":{"line":178,"column":10},"end":{"line":178,"column":null}},"111":{"start":{"line":179,"column":10},"end":{"line":179,"column":null}},"112":{"start":{"line":180,"column":10},"end":{"line":180,"column":null}},"113":{"start":{"line":182,"column":10},"end":{"line":182,"column":null}},"114":{"start":{"line":183,"column":10},"end":{"line":183,"column":null}},"115":{"start":{"line":188,"column":18},"end":{"line":188,"column":null}},"116":{"start":{"line":189,"column":6},"end":{"line":189,"column":null}},"117":{"start":{"line":190,"column":20},"end":{"line":190,"column":null}},"118":{"start":{"line":191,"column":6},"end":{"line":204,"column":null}},"119":{"start":{"line":192,"column":24},"end":{"line":192,"column":null}},"120":{"start":{"line":193,"column":8},"end":{"line":193,"column":null}},"121":{"start":{"line":194,"column":8},"end":{"line":194,"column":null}},"122":{"start":{"line":196,"column":8},"end":{"line":196,"column":null}},"123":{"start":{"line":197,"column":8},"end":{"line":203,"column":null}},"124":{"start":{"line":198,"column":10},"end":{"line":198,"column":null}},"125":{"start":{"line":199,"column":10},"end":{"line":199,"column":null}},"126":{"start":{"line":200,"column":10},"end":{"line":200,"column":null}},"127":{"start":{"line":202,"column":10},"end":{"line":202,"column":null}},"128":{"start":{"line":207,"column":6},"end":{"line":215,"column":null}},"129":{"start":{"line":208,"column":8},"end":{"line":208,"column":null}},"130":{"start":{"line":210,"column":8},"end":{"line":210,"column":null}},"131":{"start":{"line":211,"column":8},"end":{"line":214,"column":null}},"132":{"start":{"line":212,"column":10},"end":{"line":212,"column":null}},"133":{"start":{"line":213,"column":10},"end":{"line":213,"column":null}},"134":{"start":{"line":218,"column":6},"end":{"line":218,"column":null}},"135":{"start":{"line":219,"column":6},"end":{"line":219,"column":null}},"136":{"start":{"line":222,"column":23},"end":{"line":222,"column":null}},"137":{"start":{"line":223,"column":23},"end":{"line":223,"column":null}},"138":{"start":{"line":224,"column":36},"end":{"line":239,"column":null}},"139":{"start":{"line":240,"column":6},"end":{"line":243,"column":null}},"140":{"start":{"line":241,"column":8},"end":{"line":241,"column":null}},"141":{"start":{"line":242,"column":8},"end":{"line":242,"column":null}},"142":{"start":{"line":244,"column":6},"end":{"line":244,"column":null}},"143":{"start":{"line":245,"column":6},"end":{"line":247,"column":null}},"144":{"start":{"line":246,"column":8},"end":{"line":246,"column":null}},"145":{"start":{"line":250,"column":6},"end":{"line":250,"column":null}},"146":{"start":{"line":251,"column":6},"end":{"line":251,"column":null}},"147":{"start":{"line":251,"column":18},"end":{"line":251,"column":null}},"148":{"start":{"line":254,"column":6},"end":{"line":254,"column":null}},"149":{"start":{"line":254,"column":65},"end":{"line":254,"column":null}},"150":{"start":{"line":255,"column":6},"end":{"line":255,"column":null}},"151":{"start":{"line":258,"column":6},"end":{"line":260,"column":null}},"152":{"start":{"line":258,"column":46},"end":{"line":258,"column":null}},"153":{"start":{"line":259,"column":11},"end":{"line":260,"column":null}},"154":{"start":{"line":259,"column":47},"end":{"line":259,"column":null}},"155":{"start":{"line":260,"column":11},"end":{"line":260,"column":null}},"156":{"start":{"line":263,"column":6},"end":{"line":263,"column":null}},"157":{"start":{"line":264,"column":6},"end":{"line":264,"column":null}}},"fnMap":{"0":{"name":"normalizeCanIdHex","decl":{"start":{"line":31,"column":9},"end":{"line":31,"column":27}},"loc":{"start":{"line":31,"column":71},"end":{"line":38,"column":null}},"line":31},"1":{"name":"parseCanId","decl":{"start":{"line":40,"column":9},"end":{"line":40,"column":20}},"loc":{"start":{"line":40,"column":64},"end":{"line":45,"column":null}},"line":40},"2":{"name":"formatTimestamp","decl":{"start":{"line":47,"column":9},"end":{"line":47,"column":25}},"loc":{"start":{"line":47,"column":74},"end":{"line":57,"column":null}},"line":47},"3":{"name":"statusToUi","decl":{"start":{"line":59,"column":9},"end":{"line":59,"column":20}},"loc":{"start":{"line":59,"column":45},"end":{"line":65,"column":null}},"line":59},"4":{"name":"frameKey","decl":{"start":{"line":67,"column":9},"end":{"line":67,"column":18}},"loc":{"start":{"line":67,"column":69},"end":{"line":69,"column":null}},"line":67},"5":{"name":"fallbackStatistics","decl":{"start":{"line":71,"column":9},"end":{"line":71,"column":52}},"loc":{"start":{"line":71,"column":52},"end":{"line":78,"column":null}},"line":71},"6":{"name":"(anonymous_6)","decl":{"start":{"line":81,"column":2},"end":{"line":81,"column":16}},"loc":{"start":{"line":81,"column":16},"end":{"line":104,"column":null}},"line":81},"7":{"name":"latestFrames","decl":{"start":{"line":106,"column":4},"end":{"line":106,"column":17}},"loc":{"start":{"line":106,"column":42},"end":{"line":126,"column":null}},"line":106},"8":{"name":"(anonymous_8)","decl":{"start":{"line":109,"column":59},"end":{"line":109,"column":67}},"loc":{"start":{"line":109,"column":77},"end":{"line":120,"column":7}},"line":109},"9":{"name":"(anonymous_9)","decl":{"start":{"line":121,"column":20},"end":{"line":121,"column":26}},"loc":{"start":{"line":121,"column":35},"end":{"line":125,"column":7}},"line":121},"10":{"name":"selectedFrame","decl":{"start":{"line":127,"column":4},"end":{"line":127,"column":18}},"loc":{"start":{"line":127,"column":53},"end":{"line":129,"column":null}},"line":127},"11":{"name":"selectedDecoded","decl":{"start":{"line":130,"column":4},"end":{"line":130,"column":20}},"loc":{"start":{"line":130,"column":56},"end":{"line":132,"column":null}},"line":130},"12":{"name":"initFallback","decl":{"start":{"line":135,"column":4},"end":{"line":135,"column":19}},"loc":{"start":{"line":135,"column":19},"end":{"line":142,"column":null}},"line":135},"13":{"name":"(anonymous_13)","decl":{"start":{"line":136,"column":73},"end":{"line":136,"column":78}},"loc":{"start":{"line":136,"column":88},"end":{"line":136,"column":112}},"line":136},"14":{"name":"bindWebSocket","decl":{"start":{"line":143,"column":4},"end":{"line":143,"column":20}},"loc":{"start":{"line":143,"column":20},"end":{"line":157,"column":null}},"line":143},"15":{"name":"(anonymous_15)","decl":{"start":{"line":146,"column":18},"end":{"line":146,"column":46}},"loc":{"start":{"line":146,"column":58},"end":{"line":149,"column":7}},"line":146},"16":{"name":"(anonymous_16)","decl":{"start":{"line":150,"column":18},"end":{"line":150,"column":43}},"loc":{"start":{"line":150,"column":55},"end":{"line":153,"column":7}},"line":150},"17":{"name":"(anonymous_17)","decl":{"start":{"line":154,"column":18},"end":{"line":154,"column":45}},"loc":{"start":{"line":154,"column":57},"end":{"line":156,"column":7}},"line":154},"18":{"name":"loadLatest","decl":{"start":{"line":158,"column":10},"end":{"line":158,"column":23}},"loc":{"start":{"line":158,"column":23},"end":{"line":186,"column":null}},"line":158},"19":{"name":"(anonymous_19)","decl":{"start":{"line":168,"column":62},"end":{"line":168,"column":67}},"loc":{"start":{"line":168,"column":77},"end":{"line":168,"column":101}},"line":168},"20":{"name":"loadDecoded","decl":{"start":{"line":187,"column":10},"end":{"line":187,"column":22}},"loc":{"start":{"line":187,"column":56},"end":{"line":205,"column":null}},"line":187},"21":{"name":"loadStatistics","decl":{"start":{"line":206,"column":10},"end":{"line":206,"column":27}},"loc":{"start":{"line":206,"column":27},"end":{"line":216,"column":null}},"line":206},"22":{"name":"selectFrame","decl":{"start":{"line":217,"column":4},"end":{"line":217,"column":16}},"loc":{"start":{"line":217,"column":39},"end":{"line":220,"column":null}},"line":217},"23":{"name":"upsertLatestFrame","decl":{"start":{"line":221,"column":4},"end":{"line":221,"column":22}},"loc":{"start":{"line":221,"column":48},"end":{"line":248,"column":null}},"line":221},"24":{"name":"setPaused","decl":{"start":{"line":249,"column":4},"end":{"line":249,"column":14}},"loc":{"start":{"line":249,"column":30},"end":{"line":252,"column":null}},"line":249},"25":{"name":"flushPending","decl":{"start":{"line":253,"column":4},"end":{"line":253,"column":19}},"loc":{"start":{"line":253,"column":19},"end":{"line":256,"column":null}},"line":253},"26":{"name":"cycleSortByCanId","decl":{"start":{"line":257,"column":4},"end":{"line":257,"column":23}},"loc":{"start":{"line":257,"column":23},"end":{"line":261,"column":null}},"line":257},"27":{"name":"clearDisplay","decl":{"start":{"line":262,"column":4},"end":{"line":262,"column":19}},"loc":{"start":{"line":262,"column":19},"end":{"line":265,"column":null}},"line":262}},"branchMap":{"0":{"loc":{"start":{"line":32,"column":2},"end":{"line":32,"column":null}},"type":"if","locations":[{"start":{"line":32,"column":2},"end":{"line":32,"column":null}},{"start":{},"end":{}}],"line":32},"1":{"loc":{"start":{"line":32,"column":6},"end":{"line":32,"column":59}},"type":"binary-expr","locations":[{"start":{"line":32,"column":6},"end":{"line":32,"column":35}},{"start":{"line":32,"column":35},"end":{"line":32,"column":59}}],"line":32},"2":{"loc":{"start":{"line":33,"column":22},"end":{"line":33,"column":33}},"type":"binary-expr","locations":[{"start":{"line":33,"column":22},"end":{"line":33,"column":31}},{"start":{"line":33,"column":31},"end":{"line":33,"column":33}}],"line":33},"3":{"loc":{"start":{"line":34,"column":2},"end":{"line":34,"column":null}},"type":"if","locations":[{"start":{"line":34,"column":2},"end":{"line":34,"column":null}},{"start":{},"end":{}}],"line":34},"4":{"loc":{"start":{"line":35,"column":2},"end":{"line":35,"column":null}},"type":"if","locations":[{"start":{"line":35,"column":2},"end":{"line":35,"column":null}},{"start":{},"end":{}}],"line":35},"5":{"loc":{"start":{"line":37,"column":9},"end":{"line":37,"column":null}},"type":"cond-expr","locations":[{"start":{"line":37,"column":35},"end":{"line":37,"column":78}},{"start":{"line":37,"column":78},"end":{"line":37,"column":null}}],"line":37},"6":{"loc":{"start":{"line":41,"column":2},"end":{"line":41,"column":null}},"type":"if","locations":[{"start":{"line":41,"column":2},"end":{"line":41,"column":null}},{"start":{},"end":{}}],"line":41},"7":{"loc":{"start":{"line":42,"column":22},"end":{"line":42,"column":33}},"type":"binary-expr","locations":[{"start":{"line":42,"column":22},"end":{"line":42,"column":31}},{"start":{"line":42,"column":31},"end":{"line":42,"column":33}}],"line":42},"8":{"loc":{"start":{"line":43,"column":2},"end":{"line":43,"column":null}},"type":"if","locations":[{"start":{"line":43,"column":2},"end":{"line":43,"column":null}},{"start":{},"end":{}}],"line":43},"9":{"loc":{"start":{"line":44,"column":9},"end":{"line":44,"column":null}},"type":"binary-expr","locations":[{"start":{"line":44,"column":9},"end":{"line":44,"column":135}},{"start":{"line":44,"column":135},"end":{"line":44,"column":null}}],"line":44},"10":{"loc":{"start":{"line":44,"column":25},"end":{"line":44,"column":85}},"type":"cond-expr","locations":[{"start":{"line":44,"column":63},"end":{"line":44,"column":79}},{"start":{"line":44,"column":79},"end":{"line":44,"column":85}}],"line":44},"11":{"loc":{"start":{"line":44,"column":85},"end":{"line":44,"column":130}},"type":"cond-expr","locations":[{"start":{"line":44,"column":123},"end":{"line":44,"column":128}},{"start":{"line":44,"column":128},"end":{"line":44,"column":130}}],"line":44},"12":{"loc":{"start":{"line":48,"column":2},"end":{"line":48,"column":null}},"type":"if","locations":[{"start":{"line":48,"column":2},"end":{"line":48,"column":null}},{"start":{},"end":{}}],"line":48},"13":{"loc":{"start":{"line":48,"column":27},"end":{"line":48,"column":null}},"type":"binary-expr","locations":[{"start":{"line":48,"column":27},"end":{"line":48,"column":39}},{"start":{"line":48,"column":39},"end":{"line":48,"column":null}}],"line":48},"14":{"loc":{"start":{"line":60,"column":28},"end":{"line":60,"column":40}},"type":"binary-expr","locations":[{"start":{"line":60,"column":28},"end":{"line":60,"column":38}},{"start":{"line":60,"column":38},"end":{"line":60,"column":40}}],"line":60},"15":{"loc":{"start":{"line":61,"column":2},"end":{"line":61,"column":null}},"type":"if","locations":[{"start":{"line":61,"column":2},"end":{"line":61,"column":null}},{"start":{},"end":{}}],"line":61},"16":{"loc":{"start":{"line":61,"column":6},"end":{"line":61,"column":67}},"type":"binary-expr","locations":[{"start":{"line":61,"column":6},"end":{"line":61,"column":40}},{"start":{"line":61,"column":40},"end":{"line":61,"column":67}}],"line":61},"17":{"loc":{"start":{"line":62,"column":2},"end":{"line":62,"column":null}},"type":"if","locations":[{"start":{"line":62,"column":2},"end":{"line":62,"column":null}},{"start":{},"end":{}}],"line":62},"18":{"loc":{"start":{"line":62,"column":6},"end":{"line":62,"column":96}},"type":"binary-expr","locations":[{"start":{"line":62,"column":6},"end":{"line":62,"column":38}},{"start":{"line":62,"column":38},"end":{"line":62,"column":67}},{"start":{"line":62,"column":67},"end":{"line":62,"column":96}}],"line":62},"19":{"loc":{"start":{"line":63,"column":2},"end":{"line":63,"column":null}},"type":"if","locations":[{"start":{"line":63,"column":2},"end":{"line":63,"column":null}},{"start":{},"end":{}}],"line":63},"20":{"loc":{"start":{"line":63,"column":6},"end":{"line":63,"column":123}},"type":"binary-expr","locations":[{"start":{"line":63,"column":6},"end":{"line":63,"column":35}},{"start":{"line":63,"column":35},"end":{"line":63,"column":64}},{"start":{"line":63,"column":64},"end":{"line":63,"column":97}},{"start":{"line":63,"column":97},"end":{"line":63,"column":123}}],"line":63},"21":{"loc":{"start":{"line":64,"column":9},"end":{"line":64,"column":null}},"type":"binary-expr","locations":[{"start":{"line":64,"column":9},"end":{"line":64,"column":19}},{"start":{"line":64,"column":19},"end":{"line":64,"column":null}}],"line":64},"22":{"loc":{"start":{"line":110,"column":8},"end":{"line":110,"column":null}},"type":"if","locations":[{"start":{"line":110,"column":8},"end":{"line":110,"column":null}},{"start":{},"end":{}}],"line":110},"23":{"loc":{"start":{"line":110,"column":12},"end":{"line":110,"column":88}},"type":"binary-expr","locations":[{"start":{"line":110,"column":12},"end":{"line":110,"column":47}},{"start":{"line":110,"column":47},"end":{"line":110,"column":88}}],"line":110},"24":{"loc":{"start":{"line":111,"column":8},"end":{"line":111,"column":null}},"type":"if","locations":[{"start":{"line":111,"column":8},"end":{"line":111,"column":null}},{"start":{},"end":{}}],"line":111},"25":{"loc":{"start":{"line":111,"column":12},"end":{"line":111,"column":108}},"type":"binary-expr","locations":[{"start":{"line":111,"column":12},"end":{"line":111,"column":49}},{"start":{"line":111,"column":49},"end":{"line":111,"column":108}}],"line":111},"26":{"loc":{"start":{"line":112,"column":8},"end":{"line":112,"column":null}},"type":"if","locations":[{"start":{"line":112,"column":8},"end":{"line":112,"column":null}},{"start":{},"end":{}}],"line":112},"27":{"loc":{"start":{"line":112,"column":12},"end":{"line":112,"column":159}},"type":"binary-expr","locations":[{"start":{"line":112,"column":12},"end":{"line":112,"column":46}},{"start":{"line":112,"column":46},"end":{"line":112,"column":159}}],"line":112},"28":{"loc":{"start":{"line":113,"column":8},"end":{"line":117,"column":null}},"type":"if","locations":[{"start":{"line":113,"column":8},"end":{"line":117,"column":null}},{"start":{},"end":{}}],"line":113},"29":{"loc":{"start":{"line":116,"column":10},"end":{"line":116,"column":null}},"type":"if","locations":[{"start":{"line":116,"column":10},"end":{"line":116,"column":null}},{"start":{},"end":{}}],"line":116},"30":{"loc":{"start":{"line":116,"column":14},"end":{"line":116,"column":91}},"type":"binary-expr","locations":[{"start":{"line":116,"column":14},"end":{"line":116,"column":44}},{"start":{"line":116,"column":44},"end":{"line":116,"column":91}}],"line":116},"31":{"loc":{"start":{"line":118,"column":8},"end":{"line":118,"column":null}},"type":"if","locations":[{"start":{"line":118,"column":8},"end":{"line":118,"column":null}},{"start":{},"end":{}}],"line":118},"32":{"loc":{"start":{"line":118,"column":12},"end":{"line":118,"column":88}},"type":"binary-expr","locations":[{"start":{"line":118,"column":12},"end":{"line":118,"column":29}},{"start":{"line":118,"column":29},"end":{"line":118,"column":88}}],"line":118},"33":{"loc":{"start":{"line":122,"column":8},"end":{"line":122,"column":null}},"type":"if","locations":[{"start":{"line":122,"column":8},"end":{"line":122,"column":null}},{"start":{},"end":{}}],"line":122},"34":{"loc":{"start":{"line":123,"column":8},"end":{"line":123,"column":null}},"type":"if","locations":[{"start":{"line":123,"column":8},"end":{"line":123,"column":null}},{"start":{},"end":{}}],"line":123},"35":{"loc":{"start":{"line":128,"column":13},"end":{"line":128,"column":null}},"type":"binary-expr","locations":[{"start":{"line":128,"column":13},"end":{"line":128,"column":60}},{"start":{"line":128,"column":60},"end":{"line":128,"column":null}}],"line":128},"36":{"loc":{"start":{"line":141,"column":6},"end":{"line":141,"column":null}},"type":"if","locations":[{"start":{"line":141,"column":6},"end":{"line":141,"column":null}},{"start":{},"end":{}}],"line":141},"37":{"loc":{"start":{"line":144,"column":6},"end":{"line":144,"column":null}},"type":"if","locations":[{"start":{"line":144,"column":6},"end":{"line":144,"column":null}},{"start":{},"end":{}}],"line":144},"38":{"loc":{"start":{"line":147,"column":23},"end":{"line":147,"column":null}},"type":"binary-expr","locations":[{"start":{"line":147,"column":23},"end":{"line":147,"column":74}},{"start":{"line":147,"column":74},"end":{"line":147,"column":null}}],"line":147},"39":{"loc":{"start":{"line":151,"column":23},"end":{"line":151,"column":null}},"type":"binary-expr","locations":[{"start":{"line":151,"column":23},"end":{"line":151,"column":74}},{"start":{"line":151,"column":74},"end":{"line":151,"column":null}}],"line":151},"40":{"loc":{"start":{"line":161,"column":6},"end":{"line":161,"column":null}},"type":"if","locations":[{"start":{"line":161,"column":6},"end":{"line":161,"column":null}},{"start":{},"end":{}}],"line":161},"41":{"loc":{"start":{"line":162,"column":6},"end":{"line":162,"column":null}},"type":"if","locations":[{"start":{"line":162,"column":6},"end":{"line":162,"column":null}},{"start":{},"end":{}}],"line":162},"42":{"loc":{"start":{"line":172,"column":26},"end":{"line":172,"column":null}},"type":"binary-expr","locations":[{"start":{"line":172,"column":26},"end":{"line":172,"column":46}},{"start":{"line":172,"column":46},"end":{"line":172,"column":null}}],"line":172},"43":{"loc":{"start":{"line":173,"column":23},"end":{"line":173,"column":null}},"type":"binary-expr","locations":[{"start":{"line":173,"column":23},"end":{"line":173,"column":40}},{"start":{"line":173,"column":40},"end":{"line":173,"column":null}}],"line":173},"44":{"loc":{"start":{"line":173,"column":40},"end":{"line":173,"column":null}},"type":"cond-expr","locations":[{"start":{"line":173,"column":60},"end":{"line":173,"column":69}},{"start":{"line":173,"column":69},"end":{"line":173,"column":null}}],"line":173},"45":{"loc":{"start":{"line":174,"column":8},"end":{"line":174,"column":null}},"type":"if","locations":[{"start":{"line":174,"column":8},"end":{"line":174,"column":null}},{"start":{},"end":{}}],"line":174},"46":{"loc":{"start":{"line":174,"column":12},"end":{"line":174,"column":50}},"type":"binary-expr","locations":[{"start":{"line":174,"column":12},"end":{"line":174,"column":35}},{"start":{"line":174,"column":35},"end":{"line":174,"column":50}}],"line":174},"47":{"loc":{"start":{"line":177,"column":8},"end":{"line":184,"column":null}},"type":"if","locations":[{"start":{"line":177,"column":8},"end":{"line":184,"column":null}},{"start":{"line":181,"column":15},"end":{"line":184,"column":null}}],"line":177},"48":{"loc":{"start":{"line":188,"column":36},"end":{"line":188,"column":63}},"type":"binary-expr","locations":[{"start":{"line":188,"column":36},"end":{"line":188,"column":45}},{"start":{"line":188,"column":45},"end":{"line":188,"column":63}}],"line":188},"49":{"loc":{"start":{"line":190,"column":20},"end":{"line":190,"column":null}},"type":"cond-expr","locations":[{"start":{"line":190,"column":30},"end":{"line":190,"column":74}},{"start":{"line":190,"column":74},"end":{"line":190,"column":null}}],"line":190},"50":{"loc":{"start":{"line":197,"column":8},"end":{"line":203,"column":null}},"type":"if","locations":[{"start":{"line":197,"column":8},"end":{"line":203,"column":null}},{"start":{"line":201,"column":15},"end":{"line":203,"column":null}}],"line":197},"51":{"loc":{"start":{"line":197,"column":12},"end":{"line":197,"column":62}},"type":"binary-expr","locations":[{"start":{"line":197,"column":12},"end":{"line":197,"column":37}},{"start":{"line":197,"column":37},"end":{"line":197,"column":62}}],"line":197},"52":{"loc":{"start":{"line":211,"column":8},"end":{"line":214,"column":null}},"type":"if","locations":[{"start":{"line":211,"column":8},"end":{"line":214,"column":null}},{"start":{},"end":{}}],"line":211},"53":{"loc":{"start":{"line":222,"column":41},"end":{"line":222,"column":77}},"type":"binary-expr","locations":[{"start":{"line":222,"column":41},"end":{"line":222,"column":63}},{"start":{"line":222,"column":63},"end":{"line":222,"column":77}}],"line":222},"54":{"loc":{"start":{"line":226,"column":17},"end":{"line":226,"column":null}},"type":"binary-expr","locations":[{"start":{"line":226,"column":17},"end":{"line":226,"column":36}},{"start":{"line":226,"column":36},"end":{"line":226,"column":57}},{"start":{"line":226,"column":57},"end":{"line":226,"column":null}}],"line":226},"55":{"loc":{"start":{"line":227,"column":26},"end":{"line":227,"column":74}},"type":"binary-expr","locations":[{"start":{"line":227,"column":26},"end":{"line":227,"column":47}},{"start":{"line":227,"column":47},"end":{"line":227,"column":70}},{"start":{"line":227,"column":70},"end":{"line":227,"column":74}}],"line":227},"56":{"loc":{"start":{"line":228,"column":27},"end":{"line":228,"column":53}},"type":"binary-expr","locations":[{"start":{"line":228,"column":27},"end":{"line":228,"column":45}},{"start":{"line":228,"column":45},"end":{"line":228,"column":53}}],"line":228},"57":{"loc":{"start":{"line":230,"column":20},"end":{"line":230,"column":null}},"type":"binary-expr","locations":[{"start":{"line":230,"column":20},"end":{"line":230,"column":42}},{"start":{"line":230,"column":42},"end":{"line":230,"column":66}},{"start":{"line":230,"column":66},"end":{"line":230,"column":null}}],"line":230},"58":{"loc":{"start":{"line":231,"column":20},"end":{"line":231,"column":53}},"type":"binary-expr","locations":[{"start":{"line":231,"column":20},"end":{"line":231,"column":35}},{"start":{"line":231,"column":35},"end":{"line":231,"column":52}},{"start":{"line":231,"column":52},"end":{"line":231,"column":53}}],"line":231},"59":{"loc":{"start":{"line":232,"column":18},"end":{"line":232,"column":null}},"type":"binary-expr","locations":[{"start":{"line":232,"column":18},"end":{"line":232,"column":38}},{"start":{"line":232,"column":38},"end":{"line":232,"column":60}},{"start":{"line":232,"column":60},"end":{"line":232,"column":null}}],"line":232},"60":{"loc":{"start":{"line":233,"column":22},"end":{"line":233,"column":null}},"type":"binary-expr","locations":[{"start":{"line":233,"column":22},"end":{"line":233,"column":46}},{"start":{"line":233,"column":46},"end":{"line":233,"column":72}},{"start":{"line":233,"column":72},"end":{"line":233,"column":null}}],"line":233},"61":{"loc":{"start":{"line":234,"column":19},"end":{"line":234,"column":null}},"type":"binary-expr","locations":[{"start":{"line":234,"column":19},"end":{"line":234,"column":40}},{"start":{"line":234,"column":40},"end":{"line":234,"column":63}},{"start":{"line":234,"column":63},"end":{"line":234,"column":null}}],"line":234},"62":{"loc":{"start":{"line":235,"column":27},"end":{"line":235,"column":65}},"type":"binary-expr","locations":[{"start":{"line":235,"column":27},"end":{"line":235,"column":45}},{"start":{"line":235,"column":45},"end":{"line":235,"column":65}}],"line":235},"63":{"loc":{"start":{"line":236,"column":24},"end":{"line":236,"column":null}},"type":"binary-expr","locations":[{"start":{"line":236,"column":24},"end":{"line":236,"column":50}},{"start":{"line":236,"column":50},"end":{"line":236,"column":78}},{"start":{"line":236,"column":78},"end":{"line":236,"column":null}}],"line":236},"64":{"loc":{"start":{"line":237,"column":28},"end":{"line":237,"column":83}},"type":"binary-expr","locations":[{"start":{"line":237,"column":28},"end":{"line":237,"column":52}},{"start":{"line":237,"column":36},"end":{"line":237,"column":83}}],"line":237},"65":{"loc":{"start":{"line":237,"column":52},"end":{"line":237,"column":82}},"type":"binary-expr","locations":[{"start":{"line":237,"column":52},"end":{"line":237,"column":77}},{"start":{"line":237,"column":77},"end":{"line":237,"column":82}}],"line":237},"66":{"loc":{"start":{"line":238,"column":29},"end":{"line":238,"column":54}},"type":"binary-expr","locations":[{"start":{"line":238,"column":29},"end":{"line":238,"column":53}},{"start":{"line":238,"column":53},"end":{"line":238,"column":54}}],"line":238},"67":{"loc":{"start":{"line":240,"column":6},"end":{"line":243,"column":null}},"type":"if","locations":[{"start":{"line":240,"column":6},"end":{"line":243,"column":null}},{"start":{},"end":{}}],"line":240},"68":{"loc":{"start":{"line":245,"column":6},"end":{"line":247,"column":null}},"type":"if","locations":[{"start":{"line":245,"column":6},"end":{"line":247,"column":null}},{"start":{},"end":{}}],"line":245},"69":{"loc":{"start":{"line":245,"column":10},"end":{"line":245,"column":73}},"type":"binary-expr","locations":[{"start":{"line":245,"column":10},"end":{"line":245,"column":45}},{"start":{"line":245,"column":45},"end":{"line":245,"column":73}}],"line":245},"70":{"loc":{"start":{"line":251,"column":6},"end":{"line":251,"column":null}},"type":"if","locations":[{"start":{"line":251,"column":6},"end":{"line":251,"column":null}},{"start":{},"end":{}}],"line":251},"71":{"loc":{"start":{"line":258,"column":6},"end":{"line":260,"column":null}},"type":"if","locations":[{"start":{"line":258,"column":6},"end":{"line":260,"column":null}},{"start":{"line":259,"column":11},"end":{"line":260,"column":null}}],"line":258},"72":{"loc":{"start":{"line":259,"column":11},"end":{"line":260,"column":null}},"type":"if","locations":[{"start":{"line":259,"column":11},"end":{"line":260,"column":null}},{"start":{"line":260,"column":11},"end":{"line":260,"column":null}}],"line":259}},"s":{"0":5,"1":0,"2":5,"3":5,"4":0,"5":5,"6":5,"7":0,"8":0,"9":4,"10":0,"11":4,"12":4,"13":0,"14":4,"15":4,"16":4,"17":0,"18":0,"19":0,"20":0,"21":0,"22":0,"23":0,"24":0,"25":4,"26":4,"27":0,"28":4,"29":0,"30":4,"31":0,"32":4,"33":1,"34":2,"35":2,"36":2,"37":2,"38":2,"39":2,"40":1,"41":2,"42":2,"43":2,"44":2,"45":4,"46":0,"47":4,"48":0,"49":4,"50":0,"51":4,"52":0,"53":0,"54":0,"55":0,"56":4,"57":0,"58":4,"59":2,"60":2,"61":1,"62":1,"63":1,"64":0,"65":0,"66":0,"67":0,"68":0,"69":0,"70":0,"71":0,"72":0,"73":0,"74":0,"75":0,"76":0,"77":0,"78":0,"79":0,"80":0,"81":0,"82":0,"83":0,"84":0,"85":0,"86":0,"87":0,"88":0,"89":0,"90":0,"91":0,"92":0,"93":0,"94":0,"95":0,"96":0,"97":0,"98":0,"99":0,"100":0,"101":0,"102":0,"103":0,"104":0,"105":0,"106":0,"107":0,"108":0,"109":0,"110":0,"111":0,"112":0,"113":0,"114":0,"115":0,"116":0,"117":0,"118":0,"119":0,"120":0,"121":0,"122":0,"123":0,"124":0,"125":0,"126":0,"127":0,"128":0,"129":0,"130":0,"131":0,"132":0,"133":0,"134":0,"135":0,"136":4,"137":4,"138":4,"139":4,"140":1,"141":1,"142":3,"143":3,"144":0,"145":2,"146":2,"147":1,"148":1,"149":1,"150":1,"151":3,"152":1,"153":2,"154":1,"155":1,"156":0,"157":0},"f":{"0":5,"1":4,"2":4,"3":4,"4":1,"5":2,"6":2,"7":2,"8":4,"9":2,"10":0,"11":0,"12":0,"13":0,"14":0,"15":0,"16":0,"17":0,"18":0,"19":0,"20":0,"21":0,"22":0,"23":4,"24":2,"25":1,"26":3,"27":0},"b":{"0":[0,5],"1":[5,0],"2":[5,0],"3":[0,5],"4":[5,0],"5":[0,0],"6":[0,4],"7":[4,0],"8":[0,4],"9":[4,0],"10":[4,0],"11":[4,0],"12":[4,0],"13":[4,4],"14":[4,4],"15":[0,4],"16":[4,4],"17":[0,4],"18":[4,4,4],"19":[0,4],"20":[4,4,4,4],"21":[4,4],"22":[0,4],"23":[4,0],"24":[0,4],"25":[4,0],"26":[0,4],"27":[4,0],"28":[0,4],"29":[0,0],"30":[0,0],"31":[0,4],"32":[4,0],"33":[1,1],"34":[1,0],"35":[0,0],"36":[0,0],"37":[0,0],"38":[0,0],"39":[0,0],"40":[0,0],"41":[0,0],"42":[0,0],"43":[0,0],"44":[0,0],"45":[0,0],"46":[0,0],"47":[0,0],"48":[0,0],"49":[0,0],"50":[0,0],"51":[0,0],"52":[0,0],"53":[4,0],"54":[4,0,0],"55":[4,4,3],"56":[4,4],"57":[4,4,3],"58":[4,4,3],"59":[4,2,2],"60":[4,4,3],"61":[4,4,3],"62":[4,4],"63":[4,4,3],"64":[4,0],"65":[0,0],"66":[4,0],"67":[1,3],"68":[0,3],"69":[3,1],"70":[1,1],"71":[1,2],"72":[1,1]},"meta":{"lastBranch":73,"lastFunction":28,"lastStatement":158,"seen":{"f:31:9:31:27":0,"b:32:2:32:Infinity:undefined:undefined:undefined:undefined":0,"s:32:2:32:Infinity":0,"b:32:6:32:35:32:35:32:59":1,"s:32:59:32:Infinity":1,"s:33:15:33:Infinity":2,"b:33:22:33:31:33:31:33:33":2,"b:34:2:34:Infinity:undefined:undefined:undefined:undefined":3,"s:34:2:34:Infinity":3,"s:34:13:34:Infinity":4,"b:35:2:35:Infinity:undefined:undefined:undefined:undefined":4,"s:35:2:35:Infinity":5,"s:35:43:35:Infinity":6,"s:36:17:36:Infinity":7,"s:37:2:37:Infinity":8,"b:37:35:37:78:37:78:37:Infinity":5,"f:40:9:40:20":1,"b:41:2:41:Infinity:undefined:undefined:undefined:undefined":6,"s:41:2:41:Infinity":9,"s:41:33:41:Infinity":10,"s:42:15:42:Infinity":11,"b:42:22:42:31:42:31:42:33":7,"b:43:2:43:Infinity:undefined:undefined:undefined:undefined":8,"s:43:2:43:Infinity":12,"s:43:13:43:Infinity":13,"s:44:2:44:Infinity":14,"b:44:9:44:135:44:135:44:Infinity":9,"b:44:63:44:79:44:79:44:85":10,"b:44:123:44:128:44:128:44:130":11,"f:47:9:47:25":2,"b:48:2:48:Infinity:undefined:undefined:undefined:undefined":12,"s:48:2:48:Infinity":15,"s:48:20:48:Infinity":16,"b:48:27:48:39:48:39:48:Infinity":13,"s:49:13:49:Infinity":17,"s:50:17:50:Infinity":18,"s:51:15:51:Infinity":19,"s:52:12:52:Infinity":20,"s:53:12:53:Infinity":21,"s:54:12:54:Infinity":22,"s:55:16:55:Infinity":23,"s:56:2:56:Infinity":24,"f:59:9:59:20":3,"s:60:21:60:Infinity":25,"b:60:28:60:38:60:38:60:40":14,"b:61:2:61:Infinity:undefined:undefined:undefined:undefined":15,"s:61:2:61:Infinity":26,"b:61:6:61:40:61:40:61:67":16,"s:61:67:61:Infinity":27,"b:62:2:62:Infinity:undefined:undefined:undefined:undefined":17,"s:62:2:62:Infinity":28,"b:62:6:62:38:62:38:62:67:62:67:62:96":18,"s:62:96:62:Infinity":29,"b:63:2:63:Infinity:undefined:undefined:undefined:undefined":19,"s:63:2:63:Infinity":30,"b:63:6:63:35:63:35:63:64:63:64:63:97:63:97:63:123":20,"s:63:123:63:Infinity":31,"s:64:2:64:Infinity":32,"b:64:9:64:19:64:19:64:Infinity":21,"f:67:9:67:18":4,"s:68:2:68:Infinity":33,"f:71:9:71:52":5,"s:72:17:72:Infinity":34,"s:73:2:73:Infinity":35,"s:74:2:74:Infinity":36,"s:75:2:75:Infinity":37,"s:76:2:76:Infinity":38,"s:77:2:77:Infinity":39,"s:80:27:267:Infinity":40,"f:81:2:81:16":6,"s:81:16:104:Infinity":41,"f:106:4:106:17":7,"s:107:26:107:Infinity":42,"s:108:28:108:Infinity":43,"s:109:21:120:Infinity":44,"f:109:59:109:67":8,"b:110:8:110:Infinity:undefined:undefined:undefined:undefined":22,"s:110:8:110:Infinity":45,"b:110:12:110:47:110:47:110:88":23,"s:110:88:110:Infinity":46,"b:111:8:111:Infinity:undefined:undefined:undefined:undefined":24,"s:111:8:111:Infinity":47,"b:111:12:111:49:111:49:111:108":25,"s:111:108:111:Infinity":48,"b:112:8:112:Infinity:undefined:undefined:undefined:undefined":26,"s:112:8:112:Infinity":49,"b:112:12:112:46:112:46:112:159":27,"s:112:159:112:Infinity":50,"b:113:8:117:Infinity:undefined:undefined:undefined:undefined":28,"s:113:8:117:Infinity":51,"s:114:22:114:Infinity":52,"s:115:22:115:Infinity":53,"b:116:10:116:Infinity:undefined:undefined:undefined:undefined":29,"s:116:10:116:Infinity":54,"b:116:14:116:44:116:44:116:91":30,"s:116:91:116:Infinity":55,"b:118:8:118:Infinity:undefined:undefined:undefined:undefined":31,"s:118:8:118:Infinity":56,"b:118:12:118:29:118:29:118:88":32,"s:118:88:118:Infinity":57,"s:119:8:119:Infinity":58,"s:121:6:125:Infinity":59,"f:121:20:121:26":9,"b:122:8:122:Infinity:undefined:undefined:undefined:undefined":33,"s:122:8:122:Infinity":60,"s:122:45:122:Infinity":61,"b:123:8:123:Infinity:undefined:undefined:undefined:undefined":34,"s:123:8:123:Infinity":62,"s:123:46:123:Infinity":63,"s:124:8:124:Infinity":64,"f:127:4:127:18":10,"s:128:6:128:Infinity":65,"b:128:13:128:60:128:60:128:Infinity":35,"f:130:4:130:20":11,"s:131:6:131:Infinity":66,"f:135:4:135:19":12,"s:136:6:136:Infinity":67,"f:136:73:136:78":13,"s:136:88:136:112":68,"s:137:6:137:Infinity":69,"s:138:6:138:Infinity":70,"s:139:6:139:Infinity":71,"s:140:6:140:Infinity":72,"b:141:6:141:Infinity:undefined:undefined:undefined:undefined":36,"s:141:6:141:Infinity":73,"s:141:54:141:Infinity":74,"f:143:4:143:20":14,"b:144:6:144:Infinity:undefined:undefined:undefined:undefined":37,"s:144:6:144:Infinity":75,"s:144:24:144:Infinity":76,"s:145:6:145:Infinity":77,"s:146:6:149:Infinity":78,"f:146:18:146:46":15,"s:147:23:147:Infinity":79,"b:147:23:147:74:147:74:147:Infinity":38,"s:148:8:148:Infinity":80,"s:148:34:148:Infinity":81,"s:150:6:153:Infinity":82,"f:150:18:150:43":16,"s:151:23:151:Infinity":83,"b:151:23:151:74:151:74:151:Infinity":39,"s:152:8:152:Infinity":84,"s:152:34:152:Infinity":85,"s:154:6:156:Infinity":86,"f:154:18:154:45":17,"s:155:8:155:Infinity":87,"f:158:10:158:23":18,"s:159:21:159:Infinity":88,"s:160:6:160:Infinity":89,"b:161:6:161:Infinity:undefined:undefined:undefined:undefined":40,"s:161:6:161:Infinity":90,"s:161:30:161:Infinity":91,"b:162:6:162:Infinity:undefined:undefined:undefined:undefined":41,"s:162:6:162:Infinity":92,"s:162:36:162:Infinity":93,"s:163:6:163:Infinity":94,"s:164:6:164:Infinity":95,"s:165:6:165:Infinity":96,"s:166:6:185:Infinity":97,"s:167:21:167:Infinity":98,"s:168:8:168:Infinity":99,"f:168:62:168:67":19,"s:168:77:168:101":100,"s:169:8:169:Infinity":101,"s:170:8:170:Infinity":102,"s:171:8:171:Infinity":103,"s:172:8:172:Infinity":104,"b:172:26:172:46:172:46:172:Infinity":42,"s:173:8:173:Infinity":105,"b:173:23:173:40:173:40:173:Infinity":43,"b:173:60:173:69:173:69:173:Infinity":44,"b:174:8:174:Infinity:undefined:undefined:undefined:undefined":45,"s:174:8:174:Infinity":106,"b:174:12:174:35:174:35:174:50":46,"s:174:50:174:Infinity":107,"s:176:8:176:Infinity":108,"b:177:8:184:Infinity:181:15:184:Infinity":47,"s:177:8:184:Infinity":109,"s:178:10:178:Infinity":110,"s:179:10:179:Infinity":111,"s:180:10:180:Infinity":112,"s:182:10:182:Infinity":113,"s:183:10:183:Infinity":114,"f:187:10:187:22":20,"s:188:18:188:Infinity":115,"b:188:36:188:45:188:45:188:63":48,"s:189:6:189:Infinity":116,"s:190:20:190:Infinity":117,"b:190:30:190:74:190:74:190:Infinity":49,"s:191:6:204:Infinity":118,"s:192:24:192:Infinity":119,"s:193:8:193:Infinity":120,"s:194:8:194:Infinity":121,"s:196:8:196:Infinity":122,"b:197:8:203:Infinity:201:15:203:Infinity":50,"s:197:8:203:Infinity":123,"b:197:12:197:37:197:37:197:62":51,"s:198:10:198:Infinity":124,"s:199:10:199:Infinity":125,"s:200:10:200:Infinity":126,"s:202:10:202:Infinity":127,"f:206:10:206:27":21,"s:207:6:215:Infinity":128,"s:208:8:208:Infinity":129,"s:210:8:210:Infinity":130,"b:211:8:214:Infinity:undefined:undefined:undefined:undefined":52,"s:211:8:214:Infinity":131,"s:212:10:212:Infinity":132,"s:213:10:213:Infinity":133,"f:217:4:217:16":22,"s:218:6:218:Infinity":134,"s:219:6:219:Infinity":135,"f:221:4:221:22":23,"s:222:23:222:Infinity":136,"b:222:41:222:63:222:63:222:77":53,"s:223:23:223:Infinity":137,"s:224:36:239:Infinity":138,"b:226:17:226:36:226:36:226:57:226:57:226:Infinity":54,"b:227:26:227:47:227:47:227:70:227:70:227:74":55,"b:228:27:228:45:228:45:228:53":56,"b:230:20:230:42:230:42:230:66:230:66:230:Infinity":57,"b:231:20:231:35:231:35:231:52:231:52:231:53":58,"b:232:18:232:38:232:38:232:60:232:60:232:Infinity":59,"b:233:22:233:46:233:46:233:72:233:72:233:Infinity":60,"b:234:19:234:40:234:40:234:63:234:63:234:Infinity":61,"b:235:27:235:45:235:45:235:65":62,"b:236:24:236:50:236:50:236:78:236:78:236:Infinity":63,"b:237:28:237:52:237:36:237:83":64,"b:237:52:237:77:237:77:237:82":65,"b:238:29:238:53:238:53:238:54":66,"b:240:6:243:Infinity:undefined:undefined:undefined:undefined":67,"s:240:6:243:Infinity":139,"s:241:8:241:Infinity":140,"s:242:8:242:Infinity":141,"s:244:6:244:Infinity":142,"b:245:6:247:Infinity:undefined:undefined:undefined:undefined":68,"s:245:6:247:Infinity":143,"b:245:10:245:45:245:45:245:73":69,"s:246:8:246:Infinity":144,"f:249:4:249:14":24,"s:250:6:250:Infinity":145,"b:251:6:251:Infinity:undefined:undefined:undefined:undefined":70,"s:251:6:251:Infinity":146,"s:251:18:251:Infinity":147,"f:253:4:253:19":25,"s:254:6:254:Infinity":148,"s:254:65:254:Infinity":149,"s:255:6:255:Infinity":150,"f:257:4:257:23":26,"b:258:6:260:Infinity:259:11:260:Infinity":71,"s:258:6:260:Infinity":151,"s:258:46:258:Infinity":152,"b:259:11:260:Infinity:260:11:260:Infinity":72,"s:259:11:260:Infinity":153,"s:259:47:259:Infinity":154,"s:260:11:260:Infinity":155,"f:262:4:262:19":27,"s:263:6:263:Infinity":156,"s:264:6:264:Infinity":157},"fnNames":{}}}
,"D:\\a\\chassis_management_platform\\chassis_management_platform\\desktop\\src\\stores\\signals.ts": {"path":"D:\\a\\chassis_management_platform\\chassis_management_platform\\desktop\\src\\stores\\signals.ts","statementMap":{"0":{"start":{"line":8,"column":17},"end":{"line":8,"column":null}},"1":{"start":{"line":9,"column":2},"end":{"line":9,"column":null}},"2":{"start":{"line":10,"column":2},"end":{"line":10,"column":null}},"3":{"start":{"line":11,"column":2},"end":{"line":11,"column":null}},"4":{"start":{"line":12,"column":2},"end":{"line":12,"column":null}},"5":{"start":{"line":13,"column":2},"end":{"line":13,"column":null}},"6":{"start":{"line":16,"column":31},"end":{"line":135,"column":null}},"7":{"start":{"line":17,"column":16},"end":{"line":29,"column":null}},"8":{"start":{"line":32,"column":6},"end":{"line":47,"column":null}},"9":{"start":{"line":33,"column":8},"end":{"line":33,"column":null}},"10":{"start":{"line":34,"column":8},"end":{"line":34,"column":null}},"11":{"start":{"line":35,"column":8},"end":{"line":35,"column":null}},"12":{"start":{"line":36,"column":8},"end":{"line":36,"column":null}},"13":{"start":{"line":38,"column":8},"end":{"line":38,"column":null}},"14":{"start":{"line":39,"column":8},"end":{"line":46,"column":null}},"15":{"start":{"line":40,"column":10},"end":{"line":40,"column":null}},"16":{"start":{"line":41,"column":10},"end":{"line":41,"column":null}},"17":{"start":{"line":42,"column":10},"end":{"line":42,"column":null}},"18":{"start":{"line":44,"column":10},"end":{"line":44,"column":null}},"19":{"start":{"line":45,"column":10},"end":{"line":45,"column":null}},"20":{"start":{"line":50,"column":6},"end":{"line":65,"column":null}},"21":{"start":{"line":51,"column":8},"end":{"line":51,"column":null}},"22":{"start":{"line":52,"column":8},"end":{"line":52,"column":null}},"23":{"start":{"line":53,"column":8},"end":{"line":53,"column":null}},"24":{"start":{"line":54,"column":8},"end":{"line":54,"column":null}},"25":{"start":{"line":56,"column":8},"end":{"line":56,"column":null}},"26":{"start":{"line":57,"column":8},"end":{"line":64,"column":null}},"27":{"start":{"line":58,"column":10},"end":{"line":58,"column":null}},"28":{"start":{"line":59,"column":10},"end":{"line":59,"column":null}},"29":{"start":{"line":60,"column":10},"end":{"line":60,"column":null}},"30":{"start":{"line":62,"column":10},"end":{"line":62,"column":null}},"31":{"start":{"line":63,"column":10},"end":{"line":63,"column":null}},"32":{"start":{"line":68,"column":6},"end":{"line":76,"column":null}},"33":{"start":{"line":69,"column":8},"end":{"line":69,"column":null}},"34":{"start":{"line":71,"column":8},"end":{"line":71,"column":null}},"35":{"start":{"line":72,"column":8},"end":{"line":75,"column":null}},"36":{"start":{"line":73,"column":10},"end":{"line":73,"column":null}},"37":{"start":{"line":74,"column":10},"end":{"line":74,"column":null}},"38":{"start":{"line":79,"column":6},"end":{"line":87,"column":null}},"39":{"start":{"line":80,"column":8},"end":{"line":80,"column":null}},"40":{"start":{"line":82,"column":8},"end":{"line":82,"column":null}},"41":{"start":{"line":83,"column":8},"end":{"line":86,"column":null}},"42":{"start":{"line":84,"column":10},"end":{"line":84,"column":null}},"43":{"start":{"line":85,"column":10},"end":{"line":85,"column":null}},"44":{"start":{"line":90,"column":6},"end":{"line":98,"column":null}},"45":{"start":{"line":91,"column":8},"end":{"line":91,"column":null}},"46":{"start":{"line":93,"column":8},"end":{"line":93,"column":null}},"47":{"start":{"line":94,"column":8},"end":{"line":97,"column":null}},"48":{"start":{"line":95,"column":10},"end":{"line":95,"column":null}},"49":{"start":{"line":96,"column":10},"end":{"line":96,"column":null}},"50":{"start":{"line":101,"column":6},"end":{"line":101,"column":null}},"51":{"start":{"line":101,"column":24},"end":{"line":101,"column":null}},"52":{"start":{"line":102,"column":6},"end":{"line":102,"column":null}},"53":{"start":{"line":103,"column":6},"end":{"line":111,"column":null}},"54":{"start":{"line":104,"column":8},"end":{"line":108,"column":null}},"55":{"start":{"line":109,"column":8},"end":{"line":109,"column":null}},"56":{"start":{"line":110,"column":8},"end":{"line":110,"column":null}},"57":{"start":{"line":112,"column":6},"end":{"line":117,"column":null}},"58":{"start":{"line":115,"column":25},"end":{"line":115,"column":null}},"59":{"start":{"line":116,"column":8},"end":{"line":116,"column":null}},"60":{"start":{"line":116,"column":48},"end":{"line":116,"column":null}},"61":{"start":{"line":118,"column":6},"end":{"line":122,"column":null}},"62":{"start":{"line":119,"column":21},"end":{"line":119,"column":null}},"63":{"start":{"line":120,"column":8},"end":{"line":121,"column":null}},"64":{"start":{"line":120,"column":30},"end":{"line":120,"column":null}},"65":{"start":{"line":121,"column":13},"end":{"line":121,"column":null}},"66":{"start":{"line":123,"column":6},"end":{"line":125,"column":null}},"67":{"start":{"line":124,"column":8},"end":{"line":124,"column":null}},"68":{"start":{"line":128,"column":6},"end":{"line":128,"column":null}},"69":{"start":{"line":129,"column":6},"end":{"line":132,"column":null}},"70":{"start":{"line":130,"column":8},"end":{"line":130,"column":null}},"71":{"start":{"line":131,"column":8},"end":{"line":131,"column":null}}},"fnMap":{"0":{"name":"explicitFallback","decl":{"start":{"line":7,"column":9},"end":{"line":7,"column":153}},"loc":{"start":{"line":7,"column":166},"end":{"line":14,"column":null}},"line":7},"1":{"name":"(anonymous_1)","decl":{"start":{"line":17,"column":2},"end":{"line":17,"column":16}},"loc":{"start":{"line":17,"column":16},"end":{"line":29,"column":null}},"line":17},"2":{"name":"loadDashboard","decl":{"start":{"line":31,"column":10},"end":{"line":31,"column":26}},"loc":{"start":{"line":31,"column":26},"end":{"line":48,"column":null}},"line":31},"3":{"name":"loadCurveConfig","decl":{"start":{"line":49,"column":10},"end":{"line":49,"column":28}},"loc":{"start":{"line":49,"column":28},"end":{"line":66,"column":null}},"line":49},"4":{"name":"loadCurveTimeseries","decl":{"start":{"line":67,"column":10},"end":{"line":67,"column":30}},"loc":{"start":{"line":67,"column":42},"end":{"line":77,"column":null}},"line":67},"5":{"name":"loadReplay","decl":{"start":{"line":78,"column":10},"end":{"line":78,"column":21}},"loc":{"start":{"line":78,"column":68},"end":{"line":88,"column":null}},"line":78},"6":{"name":"loadFaultEvents","decl":{"start":{"line":89,"column":10},"end":{"line":89,"column":26}},"loc":{"start":{"line":89,"column":73},"end":{"line":99,"column":null}},"line":89},"7":{"name":"bindWebSocket","decl":{"start":{"line":100,"column":4},"end":{"line":100,"column":20}},"loc":{"start":{"line":100,"column":20},"end":{"line":126,"column":null}},"line":100},"8":{"name":"(anonymous_8)","decl":{"start":{"line":103,"column":18},"end":{"line":103,"column":40}},"loc":{"start":{"line":103,"column":52},"end":{"line":111,"column":7}},"line":103},"9":{"name":"(anonymous_9)","decl":{"start":{"line":112,"column":18},"end":{"line":112,"column":38}},"loc":{"start":{"line":112,"column":50},"end":{"line":117,"column":7}},"line":112},"10":{"name":"(anonymous_10)","decl":{"start":{"line":118,"column":18},"end":{"line":118,"column":47}},"loc":{"start":{"line":118,"column":59},"end":{"line":122,"column":7}},"line":118},"11":{"name":"(anonymous_11)","decl":{"start":{"line":123,"column":18},"end":{"line":123,"column":41}},"loc":{"start":{"line":123,"column":53},"end":{"line":125,"column":7}},"line":123},"12":{"name":"setCurvePaused","decl":{"start":{"line":127,"column":4},"end":{"line":127,"column":19}},"loc":{"start":{"line":127,"column":36},"end":{"line":133,"column":null}},"line":127}},"branchMap":{"0":{"loc":{"start":{"line":39,"column":8},"end":{"line":46,"column":null}},"type":"if","locations":[{"start":{"line":39,"column":8},"end":{"line":46,"column":null}},{"start":{"line":43,"column":15},"end":{"line":46,"column":null}}],"line":39},"1":{"loc":{"start":{"line":57,"column":8},"end":{"line":64,"column":null}},"type":"if","locations":[{"start":{"line":57,"column":8},"end":{"line":64,"column":null}},{"start":{"line":61,"column":15},"end":{"line":64,"column":null}}],"line":57},"2":{"loc":{"start":{"line":67,"column":30},"end":{"line":67,"column":42}},"type":"default-arg","locations":[{"start":{"line":67,"column":38},"end":{"line":67,"column":42}}],"line":67},"3":{"loc":{"start":{"line":72,"column":8},"end":{"line":75,"column":null}},"type":"if","locations":[{"start":{"line":72,"column":8},"end":{"line":75,"column":null}},{"start":{},"end":{}}],"line":72},"4":{"loc":{"start":{"line":78,"column":21},"end":{"line":78,"column":68}},"type":"default-arg","locations":[{"start":{"line":78,"column":33},"end":{"line":78,"column":68}}],"line":78},"5":{"loc":{"start":{"line":83,"column":8},"end":{"line":86,"column":null}},"type":"if","locations":[{"start":{"line":83,"column":8},"end":{"line":86,"column":null}},{"start":{},"end":{}}],"line":83},"6":{"loc":{"start":{"line":89,"column":26},"end":{"line":89,"column":73}},"type":"default-arg","locations":[{"start":{"line":89,"column":38},"end":{"line":89,"column":73}}],"line":89},"7":{"loc":{"start":{"line":94,"column":8},"end":{"line":97,"column":null}},"type":"if","locations":[{"start":{"line":94,"column":8},"end":{"line":97,"column":null}},{"start":{},"end":{}}],"line":94},"8":{"loc":{"start":{"line":101,"column":6},"end":{"line":101,"column":null}},"type":"if","locations":[{"start":{"line":101,"column":6},"end":{"line":101,"column":null}},{"start":{},"end":{}}],"line":101},"9":{"loc":{"start":{"line":106,"column":24},"end":{"line":106,"column":null}},"type":"binary-expr","locations":[{"start":{"line":106,"column":24},"end":{"line":106,"column":74}},{"start":{"line":106,"column":74},"end":{"line":106,"column":null}}],"line":106},"10":{"loc":{"start":{"line":116,"column":8},"end":{"line":116,"column":null}},"type":"if","locations":[{"start":{"line":116,"column":8},"end":{"line":116,"column":null}},{"start":{},"end":{}}],"line":116},"11":{"loc":{"start":{"line":120,"column":8},"end":{"line":121,"column":null}},"type":"if","locations":[{"start":{"line":120,"column":8},"end":{"line":121,"column":null}},{"start":{"line":121,"column":13},"end":{"line":121,"column":null}}],"line":120},"12":{"loc":{"start":{"line":129,"column":6},"end":{"line":132,"column":null}},"type":"if","locations":[{"start":{"line":129,"column":6},"end":{"line":132,"column":null}},{"start":{},"end":{}}],"line":129},"13":{"loc":{"start":{"line":129,"column":10},"end":{"line":129,"column":50}},"type":"binary-expr","locations":[{"start":{"line":129,"column":10},"end":{"line":129,"column":21}},{"start":{"line":129,"column":21},"end":{"line":129,"column":50}}],"line":129}},"s":{"0":7,"1":7,"2":7,"3":7,"4":7,"5":7,"6":1,"7":2,"8":1,"9":1,"10":0,"11":0,"12":0,"13":1,"14":1,"15":1,"16":1,"17":1,"18":0,"19":0,"20":0,"21":0,"22":0,"23":0,"24":0,"25":0,"26":0,"27":0,"28":0,"29":0,"30":0,"31":0,"32":0,"33":0,"34":0,"35":0,"36":0,"37":0,"38":0,"39":0,"40":0,"41":0,"42":0,"43":0,"44":0,"45":0,"46":0,"47":0,"48":0,"49":0,"50":1,"51":0,"52":1,"53":1,"54":0,"55":0,"56":0,"57":1,"58":0,"59":0,"60":0,"61":1,"62":1,"63":1,"64":1,"65":0,"66":1,"67":0,"68":2,"69":2,"70":1,"71":1},"f":{"0":7,"1":2,"2":1,"3":0,"4":0,"5":0,"6":0,"7":1,"8":0,"9":0,"10":1,"11":0,"12":2},"b":{"0":[1,0],"1":[0,0],"2":[0],"3":[0,0],"4":[0],"5":[0,0],"6":[0],"7":[0,0],"8":[0,1],"9":[0,0],"10":[0,0],"11":[1,0],"12":[1,1],"13":[2,1]},"meta":{"lastBranch":14,"lastFunction":13,"lastStatement":72,"seen":{"f:7:9:7:153":0,"s:8:17:8:Infinity":0,"s:9:2:9:Infinity":1,"s:10:2:10:Infinity":2,"s:11:2:11:Infinity":3,"s:12:2:12:Infinity":4,"s:13:2:13:Infinity":5,"s:16:31:135:Infinity":6,"f:17:2:17:16":1,"s:17:16:29:Infinity":7,"f:31:10:31:26":2,"s:32:6:47:Infinity":8,"s:33:8:33:Infinity":9,"s:34:8:34:Infinity":10,"s:35:8:35:Infinity":11,"s:36:8:36:Infinity":12,"s:38:8:38:Infinity":13,"b:39:8:46:Infinity:43:15:46:Infinity":0,"s:39:8:46:Infinity":14,"s:40:10:40:Infinity":15,"s:41:10:41:Infinity":16,"s:42:10:42:Infinity":17,"s:44:10:44:Infinity":18,"s:45:10:45:Infinity":19,"f:49:10:49:28":3,"s:50:6:65:Infinity":20,"s:51:8:51:Infinity":21,"s:52:8:52:Infinity":22,"s:53:8:53:Infinity":23,"s:54:8:54:Infinity":24,"s:56:8:56:Infinity":25,"b:57:8:64:Infinity:61:15:64:Infinity":1,"s:57:8:64:Infinity":26,"s:58:10:58:Infinity":27,"s:59:10:59:Infinity":28,"s:60:10:60:Infinity":29,"s:62:10:62:Infinity":30,"s:63:10:63:Infinity":31,"f:67:10:67:30":4,"b:67:38:67:42":2,"s:68:6:76:Infinity":32,"s:69:8:69:Infinity":33,"s:71:8:71:Infinity":34,"b:72:8:75:Infinity:undefined:undefined:undefined:undefined":3,"s:72:8:75:Infinity":35,"s:73:10:73:Infinity":36,"s:74:10:74:Infinity":37,"f:78:10:78:21":5,"b:78:33:78:68":4,"s:79:6:87:Infinity":38,"s:80:8:80:Infinity":39,"s:82:8:82:Infinity":40,"b:83:8:86:Infinity:undefined:undefined:undefined:undefined":5,"s:83:8:86:Infinity":41,"s:84:10:84:Infinity":42,"s:85:10:85:Infinity":43,"f:89:10:89:26":6,"b:89:38:89:73":6,"s:90:6:98:Infinity":44,"s:91:8:91:Infinity":45,"s:93:8:93:Infinity":46,"b:94:8:97:Infinity:undefined:undefined:undefined:undefined":7,"s:94:8:97:Infinity":47,"s:95:10:95:Infinity":48,"s:96:10:96:Infinity":49,"f:100:4:100:20":7,"b:101:6:101:Infinity:undefined:undefined:undefined:undefined":8,"s:101:6:101:Infinity":50,"s:101:24:101:Infinity":51,"s:102:6:102:Infinity":52,"s:103:6:111:Infinity":53,"f:103:18:103:40":8,"s:104:8:108:Infinity":54,"b:106:24:106:74:106:74:106:Infinity":9,"s:109:8:109:Infinity":55,"s:110:8:110:Infinity":56,"s:112:6:117:Infinity":57,"f:112:18:112:38":9,"s:115:25:115:Infinity":58,"b:116:8:116:Infinity:undefined:undefined:undefined:undefined":10,"s:116:8:116:Infinity":59,"s:116:48:116:Infinity":60,"s:118:6:122:Infinity":61,"f:118:18:118:47":10,"s:119:21:119:Infinity":62,"b:120:8:121:Infinity:121:13:121:Infinity":11,"s:120:8:121:Infinity":63,"s:120:30:120:Infinity":64,"s:121:13:121:Infinity":65,"s:123:6:125:Infinity":66,"f:123:18:123:41":11,"s:124:8:124:Infinity":67,"f:127:4:127:19":12,"s:128:6:128:Infinity":68,"b:129:6:132:Infinity:undefined:undefined:undefined:undefined":12,"s:129:6:132:Infinity":69,"b:129:10:129:21:129:21:129:50":13,"s:130:8:130:Infinity":70,"s:131:8:131:Infinity":71},"fnNames":{}}}
}
