TN:
SF:src\api\websocket.ts
FN:16,connect
FN:27,(anonymous_1)
FN:33,(anonymous_2)
FN:42,(anonymous_3)
FN:45,(anonymous_4)
FN:55,close
FN:65,send
FN:69,on
FN:76,(anonymous_8)
FN:79,off
FN:89,onStatus
FN:92,(anonymous_11)
FN:95,connectionState
FN:99,syncSubscriptions
FN:104,scheduleReconnect
FN:109,(anonymous_15)
FN:115,setState
FNF:17
FNH:13
FNDA:4,connect
FNDA:2,(anonymous_1)
FNDA:1,(anonymous_2)
FNDA:0,(anonymous_3)
FNDA:1,(anonymous_4)
FNDA:0,close
FNDA:5,send
FNDA:3,on
FNDA:2,(anonymous_8)
FNDA:2,off
FNDA:0,onStatus
FNDA:0,(anonymous_11)
FNDA:1,connectionState
FNDA:2,syncSubscriptions
FNDA:1,scheduleReconnect
FNDA:1,(anonymous_15)
FNDA:6,setState
DA:9,4
DA:10,4
DA:12,4
DA:13,4
DA:14,4
DA:17,4
DA:18,3
DA:19,3
DA:20,3
DA:21,3
DA:22,4
DA:23,4
DA:24,4
DA:25,4
DA:26,4
DA:27,4
DA:28,2
DA:29,2
DA:30,2
DA:31,2
DA:33,4
DA:34,1
DA:35,1
DA:36,1
DA:37,2
DA:42,4
DA:45,4
DA:46,1
DA:47,1
DA:48,0
DA:49,0
DA:51,1
DA:56,0
DA:57,0
DA:58,0
DA:59,0
DA:60,0
DA:61,0
DA:62,0
DA:66,5
DA:70,3
DA:71,3
DA:72,3
DA:73,3
DA:74,3
DA:75,3
DA:76,3
DA:80,2
DA:81,2
DA:82,2
DA:83,0
DA:84,2
DA:85,1
DA:86,1
DA:90,0
DA:91,0
DA:92,0
DA:96,1
DA:100,2
DA:101,2
DA:105,1
DA:106,1
DA:107,1
DA:108,1
DA:109,1
DA:110,1
DA:111,1
DA:116,6
DA:117,6
DA:121,2
LF:70
LH:57
BRDA:17,0,0,1
BRDA:17,0,1,3
BRDA:17,1,0,4
BRDA:17,1,1,1
BRDA:17,1,2,1
BRDA:18,2,0,0
BRDA:18,2,1,3
BRDA:21,3,0,1
BRDA:21,3,1,2
BRDA:22,4,0,4
BRDA:22,4,1,3
BRDA:24,5,0,0
BRDA:24,5,1,3
BRDA:25,6,0,3
BRDA:25,6,1,0
BRDA:28,7,0,0
BRDA:28,7,1,2
BRDA:36,8,0,0
BRDA:36,8,1,1
BRDA:37,9,0,1
BRDA:37,9,1,0
BRDA:46,10,0,1
BRDA:46,10,1,0
BRDA:47,11,0,0
BRDA:47,11,1,1
BRDA:57,12,0,0
BRDA:57,12,1,0
BRDA:66,13,0,3
BRDA:66,13,1,2
BRDA:70,14,0,3
BRDA:70,14,1,2
BRDA:74,15,0,2
BRDA:74,15,1,1
BRDA:81,16,0,0
BRDA:81,16,1,2
BRDA:82,17,0,2
BRDA:82,17,1,0
BRDA:84,18,0,1
BRDA:84,18,1,1
BRDA:101,19,0,2
BRDA:101,19,1,0
BRDA:105,20,0,0
BRDA:105,20,1,1
BRDA:105,21,0,1
BRDA:105,21,1,1
BRF:45
BRH:31
end_of_record
TN:
SF:src\components\charts\BarChart.vue
FN:15,ensureChart
FN:22,(anonymous_1)
FN:24,(anonymous_2)
FN:28,(anonymous_3)
FN:29,(anonymous_4)
FN:29,(anonymous_5)
FNF:6
FNH:0
FNDA:0,ensureChart
FNDA:0,(anonymous_1)
FNDA:0,(anonymous_2)
FNDA:0,(anonymous_3)
FNDA:0,(anonymous_4)
FNDA:0,(anonymous_5)
DA:1,0
DA:7,0
DA:11,0
DA:16,0
DA:17,0
DA:18,0
DA:19,0
DA:22,0
DA:23,0
DA:24,0
DA:25,0
DA:26,0
DA:28,0
DA:29,0
LF:14
LH:0
BRDA:16,0,0,0
BRDA:16,0,1,0
BRDA:16,1,0,0
BRDA:16,1,1,0
BRDA:16,1,2,0
BRDA:17,2,0,0
BRDA:17,2,1,0
BRDA:25,3,0,0
BRDA:25,3,1,0
BRF:9
BRH:0
end_of_record
TN:
SF:src\components\charts\DonutChart.vue
FN:11,ensureChart
FN:17,(anonymous_1)
FN:18,(anonymous_2)
FN:19,(anonymous_3)
FN:19,(anonymous_4)
FNF:5
FNH:0
FNDA:0,ensureChart
FNDA:0,(anonymous_1)
FNDA:0,(anonymous_2)
FNDA:0,(anonymous_3)
FNDA:0,(anonymous_4)
DA:1,0
DA:7,0
DA:8,0
DA:12,0
DA:13,0
DA:14,0
DA:15,0
DA:17,0
DA:18,0
DA:19,0
LF:10
LH:0
BRDA:12,0,0,0
BRDA:12,0,1,0
BRDA:12,1,0,0
BRDA:12,1,1,0
BRDA:12,1,2,0
BRDA:13,2,0,0
BRDA:13,2,1,0
BRDA:17,3,0,0
BRDA:17,3,1,0
BRF:9
BRH:0
end_of_record
TN:
SF:src\components\charts\RealtimeLineChart.vue
FN:14,ensureChart
FN:20,(anonymous_1)
FN:21,(anonymous_2)
FN:22,(anonymous_3)
FN:22,(anonymous_4)
FNF:5
FNH:5
FNDA:3,ensureChart
FNDA:1,(anonymous_1)
FNDA:1,(anonymous_2)
FNDA:2,(anonymous_3)
FNDA:1,(anonymous_4)
DA:1,2
DA:7,1
DA:11,1
DA:15,3
DA:16,3
DA:17,3
DA:18,3
DA:20,1
DA:21,1
DA:22,2
LF:10
LH:10
BRDA:15,0,0,0
BRDA:15,0,1,3
BRDA:15,1,0,3
BRDA:15,1,1,3
BRDA:15,1,2,3
BRDA:16,2,0,1
BRDA:16,2,1,2
BRDA:20,3,0,1
BRDA:20,3,1,0
BRF:9
BRH:7
end_of_record
TN:
SF:src\stores\can.ts
FN:31,normalizeCanIdHex
FN:40,parseCanId
FN:47,formatTimestamp
FN:59,statusToUi
FN:67,frameKey
FN:71,fallbackStatistics
FN:81,(anonymous_6)
FN:106,latestFrames
FN:109,(anonymous_8)
FN:121,(anonymous_9)
FN:127,selectedFrame
FN:130,selectedDecoded
FN:135,initFallback
FN:136,(anonymous_13)
FN:143,bindWebSocket
FN:146,(anonymous_15)
FN:150,(anonymous_16)
FN:154,(anonymous_17)
FN:158,loadLatest
FN:168,(anonymous_19)
FN:187,loadDecoded
FN:206,loadStatistics
FN:217,selectFrame
FN:221,upsertLatestFrame
FN:249,setPaused
FN:253,flushPending
FN:257,cycleSortByCanId
FN:262,clearDisplay
FNF:28
FNH:14
FNDA:5,normalizeCanIdHex
FNDA:4,parseCanId
FNDA:4,formatTimestamp
FNDA:4,statusToUi
FNDA:1,frameKey
FNDA:2,fallbackStatistics
FNDA:2,(anonymous_6)
FNDA:2,latestFrames
FNDA:4,(anonymous_8)
FNDA:2,(anonymous_9)
FNDA:0,selectedFrame
FNDA:0,selectedDecoded
FNDA:0,initFallback
FNDA:0,(anonymous_13)
FNDA:0,bindWebSocket
FNDA:0,(anonymous_15)
FNDA:0,(anonymous_16)
FNDA:0,(anonymous_17)
FNDA:0,loadLatest
FNDA:0,(anonymous_19)
FNDA:0,loadDecoded
FNDA:0,loadStatistics
FNDA:0,selectFrame
FNDA:4,upsertLatestFrame
FNDA:2,setPaused
FNDA:1,flushPending
FNDA:3,cycleSortByCanId
FNDA:0,clearDisplay
DA:32,5
DA:33,5
DA:34,5
DA:35,5
DA:36,0
DA:37,0
DA:41,4
DA:42,4
DA:43,4
DA:44,4
DA:48,4
DA:49,0
DA:50,0
DA:51,0
DA:52,0
DA:53,0
DA:54,0
DA:55,0
DA:56,0
DA:60,4
DA:61,4
DA:62,4
DA:63,4
DA:64,4
DA:68,1
DA:72,2
DA:73,2
DA:74,2
DA:75,2
DA:76,2
DA:77,2
DA:80,1
DA:81,2
DA:107,2
DA:108,2
DA:109,2
DA:110,4
DA:111,4
DA:112,4
DA:113,4
DA:114,0
DA:115,0
DA:116,0
DA:118,4
DA:119,4
DA:121,2
DA:122,2
DA:123,1
DA:124,0
DA:128,0
DA:131,0
DA:136,0
DA:137,0
DA:138,0
DA:139,0
DA:140,0
DA:141,0
DA:144,0
DA:145,0
DA:146,0
DA:147,0
DA:148,0
DA:150,0
DA:151,0
DA:152,0
DA:154,0
DA:155,0
DA:159,0
DA:160,0
DA:161,0
DA:162,0
DA:163,0
DA:164,0
DA:165,0
DA:166,0
DA:167,0
DA:168,0
DA:169,0
DA:170,0
DA:171,0
DA:172,0
DA:173,0
DA:174,0
DA:176,0
DA:177,0
DA:178,0
DA:179,0
DA:180,0
DA:182,0
DA:183,0
DA:188,0
DA:189,0
DA:190,0
DA:191,0
DA:192,0
DA:193,0
DA:194,0
DA:196,0
DA:197,0
DA:198,0
DA:199,0
DA:200,0
DA:202,0
DA:207,0
DA:208,0
DA:210,0
DA:211,0
DA:212,0
DA:213,0
DA:218,0
DA:219,0
DA:222,4
DA:223,4
DA:224,4
DA:240,4
DA:241,1
DA:242,1
DA:244,3
DA:245,3
DA:246,0
DA:250,2
DA:251,2
DA:254,1
DA:255,1
DA:258,3
DA:259,2
DA:260,1
DA:263,0
DA:264,0
LF:129
LH:50
BRDA:32,0,0,0
BRDA:32,0,1,5
BRDA:32,1,0,5
BRDA:32,1,1,0
BRDA:33,2,0,5
BRDA:33,2,1,0
BRDA:34,3,0,0
BRDA:34,3,1,5
BRDA:35,4,0,5
BRDA:35,4,1,0
BRDA:37,5,0,0
BRDA:37,5,1,0
BRDA:41,6,0,0
BRDA:41,6,1,4
BRDA:42,7,0,4
BRDA:42,7,1,0
BRDA:43,8,0,0
BRDA:43,8,1,4
BRDA:44,9,0,4
BRDA:44,9,1,0
BRDA:44,10,0,4
BRDA:44,10,1,0
BRDA:44,11,0,4
BRDA:44,11,1,0
BRDA:48,12,0,4
BRDA:48,12,1,0
BRDA:48,13,0,4
BRDA:48,13,1,4
BRDA:60,14,0,4
BRDA:60,14,1,4
BRDA:61,15,0,0
BRDA:61,15,1,4
BRDA:61,16,0,4
BRDA:61,16,1,4
BRDA:62,17,0,0
BRDA:62,17,1,4
BRDA:62,18,0,4
BRDA:62,18,1,4
BRDA:62,18,2,4
BRDA:63,19,0,0
BRDA:63,19,1,4
BRDA:63,20,0,4
BRDA:63,20,1,4
BRDA:63,20,2,4
BRDA:63,20,3,4
BRDA:64,21,0,4
BRDA:64,21,1,4
BRDA:110,22,0,0
BRDA:110,22,1,4
BRDA:110,23,0,4
BRDA:110,23,1,0
BRDA:111,24,0,0
BRDA:111,24,1,4
BRDA:111,25,0,4
BRDA:111,25,1,0
BRDA:112,26,0,0
BRDA:112,26,1,4
BRDA:112,27,0,4
BRDA:112,27,1,0
BRDA:113,28,0,0
BRDA:113,28,1,4
BRDA:116,29,0,0
BRDA:116,29,1,0
BRDA:116,30,0,0
BRDA:116,30,1,0
BRDA:118,31,0,0
BRDA:118,31,1,4
BRDA:118,32,0,4
BRDA:118,32,1,0
BRDA:122,33,0,1
BRDA:122,33,1,1
BRDA:123,34,0,1
BRDA:123,34,1,0
BRDA:128,35,0,0
BRDA:128,35,1,0
BRDA:141,36,0,0
BRDA:141,36,1,0
BRDA:144,37,0,0
BRDA:144,37,1,0
BRDA:147,38,0,0
BRDA:147,38,1,0
BRDA:151,39,0,0
BRDA:151,39,1,0
BRDA:161,40,0,0
BRDA:161,40,1,0
BRDA:162,41,0,0
BRDA:162,41,1,0
BRDA:172,42,0,0
BRDA:172,42,1,0
BRDA:173,43,0,0
BRDA:173,43,1,0
BRDA:173,44,0,0
BRDA:173,44,1,0
BRDA:174,45,0,0
BRDA:174,45,1,0
BRDA:174,46,0,0
BRDA:174,46,1,0
BRDA:177,47,0,0
BRDA:177,47,1,0
BRDA:188,48,0,0
BRDA:188,48,1,0
BRDA:190,49,0,0
BRDA:190,49,1,0
BRDA:197,50,0,0
BRDA:197,50,1,0
BRDA:197,51,0,0
BRDA:197,51,1,0
BRDA:211,52,0,0
BRDA:211,52,1,0
BRDA:222,53,0,4
BRDA:222,53,1,0
BRDA:226,54,0,4
BRDA:226,54,1,0
BRDA:226,54,2,0
BRDA:227,55,0,4
BRDA:227,55,1,4
BRDA:227,55,2,3
BRDA:228,56,0,4
BRDA:228,56,1,4
BRDA:230,57,0,4
BRDA:230,57,1,4
BRDA:230,57,2,3
BRDA:231,58,0,4
BRDA:231,58,1,4
BRDA:231,58,2,3
BRDA:232,59,0,4
BRDA:232,59,1,2
BRDA:232,59,2,2
BRDA:233,60,0,4
BRDA:233,60,1,4
BRDA:233,60,2,3
BRDA:234,61,0,4
BRDA:234,61,1,4
BRDA:234,61,2,3
BRDA:235,62,0,4
BRDA:235,62,1,4
BRDA:236,63,0,4
BRDA:236,63,1,4
BRDA:236,63,2,3
BRDA:237,64,0,4
BRDA:237,64,1,0
BRDA:237,65,0,0
BRDA:237,65,1,0
BRDA:238,66,0,4
BRDA:238,66,1,0
BRDA:240,67,0,1
BRDA:240,67,1,3
BRDA:245,68,0,0
BRDA:245,68,1,3
BRDA:245,69,0,3
BRDA:245,69,1,1
BRDA:251,70,0,1
BRDA:251,70,1,1
BRDA:258,71,0,1
BRDA:258,71,1,2
BRDA:259,72,0,1
BRDA:259,72,1,1
BRF:157
BRH:82
end_of_record
TN:
SF:src\stores\signals.ts
FN:7,explicitFallback
FN:17,(anonymous_1)
FN:31,loadDashboard
FN:49,loadCurveConfig
FN:67,loadCurveTimeseries
FN:78,loadReplay
FN:89,loadFaultEvents
FN:100,bindWebSocket
FN:103,(anonymous_8)
FN:112,(anonymous_9)
FN:118,(anonymous_10)
FN:123,(anonymous_11)
FN:127,setCurvePaused
FNF:13
FNH:6
FNDA:7,explicitFallback
FNDA:2,(anonymous_1)
FNDA:1,loadDashboard
FNDA:0,loadCurveConfig
FNDA:0,loadCurveTimeseries
FNDA:0,loadReplay
FNDA:0,loadFaultEvents
FNDA:1,bindWebSocket
FNDA:0,(anonymous_8)
FNDA:0,(anonymous_9)
FNDA:1,(anonymous_10)
FNDA:0,(anonymous_11)
FNDA:2,setCurvePaused
DA:8,7
DA:9,7
DA:10,7
DA:11,7
DA:12,7
DA:13,7
DA:16,1
DA:17,2
DA:32,1
DA:33,1
DA:34,0
DA:35,0
DA:36,0
DA:38,1
DA:39,1
DA:40,1
DA:41,1
DA:42,1
DA:44,0
DA:45,0
DA:50,0
DA:51,0
DA:52,0
DA:53,0
DA:54,0
DA:56,0
DA:57,0
DA:58,0
DA:59,0
DA:60,0
DA:62,0
DA:63,0
DA:68,0
DA:69,0
DA:71,0
DA:72,0
DA:73,0
DA:74,0
DA:79,0
DA:80,0
DA:82,0
DA:83,0
DA:84,0
DA:85,0
DA:90,0
DA:91,0
DA:93,0
DA:94,0
DA:95,0
DA:96,0
DA:101,1
DA:102,1
DA:103,1
DA:104,0
DA:109,0
DA:110,0
DA:112,1
DA:115,0
DA:116,0
DA:118,1
DA:119,1
DA:120,1
DA:121,0
DA:123,1
DA:124,0
DA:128,2
DA:129,2
DA:130,1
DA:131,1
LF:69
LH:27
BRDA:39,0,0,1
BRDA:39,0,1,0
BRDA:57,1,0,0
BRDA:57,1,1,0
BRDA:67,2,0,0
BRDA:72,3,0,0
BRDA:72,3,1,0
BRDA:78,4,0,0
BRDA:83,5,0,0
BRDA:83,5,1,0
BRDA:89,6,0,0
BRDA:94,7,0,0
BRDA:94,7,1,0
BRDA:101,8,0,0
BRDA:101,8,1,1
BRDA:106,9,0,0
BRDA:106,9,1,0
BRDA:116,10,0,0
BRDA:116,10,1,0
BRDA:120,11,0,1
BRDA:120,11,1,0
BRDA:129,12,0,1
BRDA:129,12,1,1
BRDA:129,13,0,2
BRDA:129,13,1,1
BRF:25
BRH:7
end_of_record
